<?xml version="1.0" encoding="UTF-8"?>
<robot generator="Robot 4.1 (Python 3.9.7 on win32)" generated="20211101 20:39:32.627" rpa="true" schemaversion="2">
<suite id="s1" name="Delorean" source="D:\estudo\gravidade_zero\pro\getgeeks\project\tasks\Delorean.robot">
<test id="s1-t1" name="Back To The Past">
<kw name="Connect To Postgres" library="Database">
<kw name="Connect To Database" library="DatabaseLibrary">
<arg>psycopg2</arg>
<arg>xogbiddb</arg>
<arg>xogbiddb</arg>
<arg>9v9O0KRYTKbf19JqwXnnvLZXpA8MxdY6</arg>
<arg>fanny.db.elephantsql.com</arg>
<arg>5432</arg>
<doc>Loads the DB API 2.0 module given `dbapiModuleName` then uses it to
connect to the database using `dbName`, `dbUsername`, and `dbPassword`.</doc>
<msg timestamp="20211101 20:39:33.130" level="INFO">Connecting using : psycopg2.connect(database=xogbiddb, user=xogbiddb, password=9v9O0KRYTKbf19JqwXnnvLZXpA8MxdY6, host=fanny.db.elephantsql.com, port=5432) </msg>
<status status="PASS" starttime="20211101 20:39:33.117" endtime="20211101 20:39:34.058"/>
</kw>
<status status="PASS" starttime="20211101 20:39:33.116" endtime="20211101 20:39:34.058"/>
</kw>
<kw name="Reset Env" library="Database">
<kw name="Execute Sql String" library="DatabaseLibrary">
<arg>DELETE from public.geeks;</arg>
<doc>Executes the sqlString as SQL commands. Useful to pass arguments to your sql. Set optional input `sansTran` to
True to run command without an explicit transaction commit or rollback.</doc>
<msg timestamp="20211101 20:39:34.066" level="INFO">Executing : Execute SQL String  |  DELETE from public.geeks; </msg>
<status status="PASS" starttime="20211101 20:39:34.066" endtime="20211101 20:39:34.491"/>
</kw>
<kw name="Execute Sql String" library="DatabaseLibrary">
<arg>DELETE from public.users;</arg>
<doc>Executes the sqlString as SQL commands. Useful to pass arguments to your sql. Set optional input `sansTran` to
True to run command without an explicit transaction commit or rollback.</doc>
<msg timestamp="20211101 20:39:34.491" level="INFO">Executing : Execute SQL String  |  DELETE from public.users; </msg>
<status status="PASS" starttime="20211101 20:39:34.491" endtime="20211101 20:39:34.919"/>
</kw>
<status status="PASS" starttime="20211101 20:39:34.065" endtime="20211101 20:39:34.920"/>
</kw>
<kw name="Users Seed" library="Database">
<kw name="Factory User Login" library="Users">
<var>${user}</var>
<msg timestamp="20211101 20:39:34.924" level="INFO">${user} = {'name': 'Raphael', 'lastname': 'Mantilha', 'email': 'raphael.mantilha@gmail.com', 'password': 'pwd123'}</msg>
<status status="PASS" starttime="20211101 20:39:34.924" endtime="20211101 20:39:34.925"/>
</kw>
<kw name="Insert User" library="Database">
<arg>${user}</arg>
<kw name="Get Hashed Pass" library="Users">
<var>${hashed_pass}</var>
<arg>${u}[password]</arg>
<msg timestamp="20211101 20:39:34.999" level="INFO">${hashed_pass} = $2b$08$zalGx2PhLrUuGdCp1LOLn.ErChiSWC.Wt3cgddxojA878s2GnA6VC</msg>
<status status="PASS" starttime="20211101 20:39:34.927" endtime="20211101 20:39:34.999"/>
</kw>
<kw name="Set Variable" library="BuiltIn">
<var>${q}</var>
<arg>INSERT INTO public.users (name,email,password_hash, is_geek) values ('${u}[name] ${u}[lastname]', '${u}[email]', '${hashed_pass}', false)</arg>
<doc>Returns the given values which can then be assigned to a variables.</doc>
<msg timestamp="20211101 20:39:35.001" level="INFO">${q} = INSERT INTO public.users (name,email,password_hash, is_geek) values ('Raphael Mantilha', 'raphael.mantilha@gmail.com', '$2b$08$zalGx2PhLrUuGdCp1LOLn.ErChiSWC.Wt3cgddxojA878s2GnA6VC', false)</msg>
<status status="PASS" starttime="20211101 20:39:34.999" endtime="20211101 20:39:35.001"/>
</kw>
<kw name="Execute Sql String" library="DatabaseLibrary">
<arg>${q}</arg>
<doc>Executes the sqlString as SQL commands. Useful to pass arguments to your sql. Set optional input `sansTran` to
True to run command without an explicit transaction commit or rollback.</doc>
<msg timestamp="20211101 20:39:35.006" level="INFO">Executing : Execute SQL String  |  INSERT INTO public.users (name,email,password_hash, is_geek) values ('Raphael Mantilha', 'raphael.mantilha@gmail.com', '$2b$08$zalGx2PhLrUuGdCp1LOLn.ErChiSWC.Wt3cgddxojA878s2GnA6VC', false) </msg>
<status status="PASS" starttime="20211101 20:39:35.001" endtime="20211101 20:39:35.432"/>
</kw>
<status status="PASS" starttime="20211101 20:39:34.925" endtime="20211101 20:39:35.433"/>
</kw>
<status status="PASS" starttime="20211101 20:39:34.922" endtime="20211101 20:39:35.434"/>
</kw>
<kw name="Disconnect From Database" library="DatabaseLibrary">
<doc>Disconnects from the database.</doc>
<msg timestamp="20211101 20:39:35.436" level="INFO">Executing : Disconnect From Database</msg>
<status status="PASS" starttime="20211101 20:39:35.435" endtime="20211101 20:39:35.437"/>
</kw>
<status status="PASS" starttime="20211101 20:39:33.116" endtime="20211101 20:39:35.439"/>
</test>
<doc>Delorean</doc>
<status status="PASS" starttime="20211101 20:39:32.630" endtime="20211101 20:39:35.445"/>
</suite>
<statistics>
<total>
<stat pass="1" fail="0" skip="0">All Tasks</stat>
</total>
<tag>
</tag>
<suite>
<stat pass="1" fail="0" skip="0" id="s1" name="Delorean">Delorean</stat>
</suite>
</statistics>
<errors>
</errors>
</robot>
