<?xml version="1.0" encoding="UTF-8"?>
<robot generator="Robot 4.1 (Python 3.9.7 on win32)" generated="20220203 11:08:52.509" rpa="false" schemaversion="2">
<suite id="s1" name="Tests" source="D:\estudo\gravidade_zero\pro_expert\getgeeks\project\backend\tests">
<suite id="s1-s1" name="Geeks" source="D:\estudo\gravidade_zero\pro_expert\getgeeks\project\backend\tests\Geeks.robot">
<test id="s1-s1-t1" name="Be a geek">
<kw name="Factory Be Geek" library="Users">
<var>${user}</var>
<msg timestamp="20220203 11:08:52.810" level="INFO">${user} = {'name': 'Joao Vitor', 'email': 'joao@gmail.com', 'password': 'pwd123', 'geek_profile': {'whatsapp': '11999999999', 'desc': 'Formato seu computador, instalo o sistema operacional (Linux e Windows) e t...</msg>
<status status="PASS" starttime="20220203 11:08:52.810" endtime="20220203 11:08:52.810"/>
</kw>
<kw name="Remove User" library="Helpers">
<arg>${user}</arg>
<kw name="Get Token" library="Helpers">
<var>${token}</var>
<arg>${user}</arg>
<kw name="Create Dictionary" library="BuiltIn">
<var>${payload}</var>
<arg>email=${user}[email]</arg>
<arg>password=${user}[password]</arg>
<doc>Creates and returns a dictionary based on the given ``items``.</doc>
<msg timestamp="20220203 11:08:52.812" level="INFO">${payload} = {'email': 'joao@gmail.com', 'password': 'pwd123'}</msg>
<status status="PASS" starttime="20220203 11:08:52.811" endtime="20220203 11:08:52.812"/>
</kw>
<kw name="POST Session" library="SessionsRoute">
<var>${response}</var>
<arg>${payload}</arg>
<kw name="POST" library="RequestsLibrary">
<var>${response}</var>
<arg>${API_USERS}/sessions</arg>
<arg>json=${payload}</arg>
<arg>expected_status=any</arg>
<doc>Sends a POST request.</doc>
<msg timestamp="20220203 11:08:59.939" level="INFO">POST Request : url=https://getgeeks-users-raphael.herokuapp.com/sessions 
 path_url=/sessions 
 headers={'User-Agent': 'python-requests/2.26.0', 'Accept-Encoding': 'gzip, deflate', 'Accept': '*/*', 'Connection': 'keep-alive', 'Content-Length': '49', 'Content-Type': 'application/json'} 
 body=b'{"email": "joao@gmail.com", "password": "pwd123"}' 
 </msg>
<msg timestamp="20220203 11:08:59.939" level="INFO">POST Response : url=https://getgeeks-users-raphael.herokuapp.com/sessions 
 status=200, reason=OK 
 headers={'Server': 'Cowboy', 'Connection': 'keep-alive', 'X-Powered-By': 'Express', 'Access-Control-Allow-Origin': '*', 'Content-Type': 'application/json; charset=utf-8', 'Content-Length': '367', 'Etag': 'W/"16f-+OeTfWSgItwNb6Y9OJZSDmo0QR8"', 'Date': 'Thu, 03 Feb 2022 14:08:59 GMT', 'Via': '1.1 vegur'} 
 body={"user":{"id":718,"email":"joao@gmail.com","password_hash":"$2b$08$EE.JYgigwIrUYo3izvh4v.Kbbthd9NICqFjD.7mot/Vcltaryfqia","name":"Joao Vitor","avatar":null,"whatsapp":"11999999999","is_geek":true},"token":"eyJhbGciOiJIUzI1NiIsInR5cCI6IkpXVCJ9.eyJpZCI6NzE4LCJpYXQiOjE2NDM4OTczMzksImV4cCI6MTY0NDc2MTMzOX0.TpbjKKN56mdU2kgre5BjtfN_JGf15iQJNWWSvx4VdCs","expires_in":"10d"} 
 </msg>
<msg timestamp="20220203 11:08:59.939" level="INFO">${response} = &lt;Response [200]&gt;</msg>
<status status="PASS" starttime="20220203 11:08:52.812" endtime="20220203 11:08:59.940"/>
</kw>
<msg timestamp="20220203 11:08:59.941" level="INFO">${response} = &lt;Response [200]&gt;</msg>
<status status="PASS" starttime="20220203 11:08:52.812" endtime="20220203 11:08:59.941"/>
</kw>
<kw name="Set Variable" library="BuiltIn">
<var>${result}</var>
<arg>${EMPTY}</arg>
<doc>Returns the given values which can then be assigned to a variables.</doc>
<msg timestamp="20220203 11:08:59.944" level="INFO">${result} = </msg>
<status status="PASS" starttime="20220203 11:08:59.941" endtime="20220203 11:08:59.944"/>
</kw>
<if>
<branch type="IF" condition="&quot;200&quot; in &quot;${response}&quot;">
<kw name="Set Variable" library="BuiltIn">
<var>${result}</var>
<arg>Bearer ${response.json()}[token]</arg>
<doc>Returns the given values which can then be assigned to a variables.</doc>
<msg timestamp="20220203 11:08:59.948" level="INFO">${result} = Bearer eyJhbGciOiJIUzI1NiIsInR5cCI6IkpXVCJ9.eyJpZCI6NzE4LCJpYXQiOjE2NDM4OTczMzksImV4cCI6MTY0NDc2MTMzOX0.TpbjKKN56mdU2kgre5BjtfN_JGf15iQJNWWSvx4VdCs</msg>
<status status="PASS" starttime="20220203 11:08:59.946" endtime="20220203 11:08:59.948"/>
</kw>
<status status="PASS" starttime="20220203 11:08:59.945" endtime="20220203 11:08:59.948"/>
</branch>
<status status="PASS" starttime="20220203 11:08:59.945" endtime="20220203 11:08:59.948"/>
</if>
<msg timestamp="20220203 11:08:59.949" level="INFO">${token} = Bearer eyJhbGciOiJIUzI1NiIsInR5cCI6IkpXVCJ9.eyJpZCI6NzE4LCJpYXQiOjE2NDM4OTczMzksImV4cCI6MTY0NDc2MTMzOX0.TpbjKKN56mdU2kgre5BjtfN_JGf15iQJNWWSvx4VdCs</msg>
<status status="PASS" starttime="20220203 11:08:52.811" endtime="20220203 11:08:59.949"/>
</kw>
<if>
<branch type="IF" condition="&quot;${token}&quot;">
<kw name="DELETE User" library="UsersRoute">
<arg>${token}</arg>
<kw name="Create Dictionary" library="BuiltIn">
<var>${headers}</var>
<arg>Authorization=${token}</arg>
<doc>Creates and returns a dictionary based on the given ``items``.</doc>
<msg timestamp="20220203 11:08:59.952" level="INFO">${headers} = {'Authorization': 'Bearer eyJhbGciOiJIUzI1NiIsInR5cCI6IkpXVCJ9.eyJpZCI6NzE4LCJpYXQiOjE2NDM4OTczMzksImV4cCI6MTY0NDc2MTMzOX0.TpbjKKN56mdU2kgre5BjtfN_JGf15iQJNWWSvx4VdCs'}</msg>
<status status="PASS" starttime="20220203 11:08:59.951" endtime="20220203 11:08:59.952"/>
</kw>
<kw name="DELETE" library="RequestsLibrary">
<var>${response}</var>
<arg>${API_USERS}/users</arg>
<arg>headers=${headers}</arg>
<arg>expected_status=any</arg>
<doc>Sends a DELETE request.</doc>
<msg timestamp="20220203 11:09:00.671" level="INFO">DELETE Request : url=https://getgeeks-users-raphael.herokuapp.com/users 
 path_url=/users 
 headers={'User-Agent': 'python-requests/2.26.0', 'Accept-Encoding': 'gzip, deflate', 'Accept': '*/*', 'Connection': 'keep-alive', 'Authorization': 'Bearer eyJhbGciOiJIUzI1NiIsInR5cCI6IkpXVCJ9.eyJpZCI6NzE4LCJpYXQiOjE2NDM4OTczMzksImV4cCI6MTY0NDc2MTMzOX0.TpbjKKN56mdU2kgre5BjtfN_JGf15iQJNWWSvx4VdCs', 'Content-Length': '0'} 
 body=None 
 </msg>
<msg timestamp="20220203 11:09:00.672" level="INFO">DELETE Response : url=https://getgeeks-users-raphael.herokuapp.com/users 
 status=204, reason=No Content 
 headers={'Server': 'Cowboy', 'Content-Length': '0', 'Connection': 'keep-alive', 'X-Powered-By': 'Express', 'Access-Control-Allow-Origin': '*', 'Date': 'Thu, 03 Feb 2022 14:09:00 GMT', 'Via': '1.1 vegur'} 
 body=None 
 </msg>
<msg timestamp="20220203 11:09:00.673" level="INFO">${response} = &lt;Response [204]&gt;</msg>
<status status="PASS" starttime="20220203 11:08:59.953" endtime="20220203 11:09:00.673"/>
</kw>
<status status="PASS" starttime="20220203 11:08:59.950" endtime="20220203 11:09:00.674"/>
</kw>
<status status="PASS" starttime="20220203 11:08:59.950" endtime="20220203 11:09:00.674"/>
</branch>
<status status="PASS" starttime="20220203 11:08:59.949" endtime="20220203 11:09:00.674"/>
</if>
<status status="PASS" starttime="20220203 11:08:52.811" endtime="20220203 11:09:00.675"/>
</kw>
<kw name="POST User" library="UsersRoute">
<arg>${user}</arg>
<kw name="POST" library="RequestsLibrary">
<var>${response}</var>
<arg>${API_USERS}/users</arg>
<arg>json=${payload}</arg>
<arg>expected_status=any</arg>
<doc>Sends a POST request.</doc>
<msg timestamp="20220203 11:09:01.323" level="INFO">POST Request : url=https://getgeeks-users-raphael.herokuapp.com/users 
 path_url=/users 
 headers={'User-Agent': 'python-requests/2.26.0', 'Accept-Encoding': 'gzip, deflate', 'Accept': '*/*', 'Connection': 'keep-alive', 'Content-Length': '315', 'Content-Type': 'application/json'} 
 body=b'{"name": "Joao Vitor", "email": "joao@gmail.com", "password": "pwd123", "geek_profile": {"whatsapp": "11999999999", "desc": "Formato seu computador, instalo o sistema operacional (Linux e Windows) e todos as ferramentas que voc\\u00ea gosta de usar", "printer_repair": "Sim", "work": "Presencial", "cost": "150.99"}}' 
 </msg>
<msg timestamp="20220203 11:09:01.323" level="INFO">POST Response : url=https://getgeeks-users-raphael.herokuapp.com/users 
 status=201, reason=Created 
 headers={'Server': 'Cowboy', 'Connection': 'keep-alive', 'X-Powered-By': 'Express', 'Access-Control-Allow-Origin': '*', 'Content-Type': 'application/json; charset=utf-8', 'Content-Length': '10', 'Etag': 'W/"a-CjiJNvgTE1hBY8l7k5clWJygCqA"', 'Date': 'Thu, 03 Feb 2022 14:09:01 GMT', 'Via': '1.1 vegur'} 
 body={"id":722} 
 </msg>
<msg timestamp="20220203 11:09:01.324" level="INFO">${response} = &lt;Response [201]&gt;</msg>
<status status="PASS" starttime="20220203 11:09:00.678" endtime="20220203 11:09:01.324"/>
</kw>
<status status="PASS" starttime="20220203 11:09:00.677" endtime="20220203 11:09:01.324"/>
</kw>
<kw name="Get Token" library="Helpers">
<var>${token}</var>
<arg>${user}</arg>
<kw name="Create Dictionary" library="BuiltIn">
<var>${payload}</var>
<arg>email=${user}[email]</arg>
<arg>password=${user}[password]</arg>
<doc>Creates and returns a dictionary based on the given ``items``.</doc>
<msg timestamp="20220203 11:09:01.328" level="INFO">${payload} = {'email': 'joao@gmail.com', 'password': 'pwd123'}</msg>
<status status="PASS" starttime="20220203 11:09:01.327" endtime="20220203 11:09:01.328"/>
</kw>
<kw name="POST Session" library="SessionsRoute">
<var>${response}</var>
<arg>${payload}</arg>
<kw name="POST" library="RequestsLibrary">
<var>${response}</var>
<arg>${API_USERS}/sessions</arg>
<arg>json=${payload}</arg>
<arg>expected_status=any</arg>
<doc>Sends a POST request.</doc>
<msg timestamp="20220203 11:09:01.983" level="INFO">POST Request : url=https://getgeeks-users-raphael.herokuapp.com/sessions 
 path_url=/sessions 
 headers={'User-Agent': 'python-requests/2.26.0', 'Accept-Encoding': 'gzip, deflate', 'Accept': '*/*', 'Connection': 'keep-alive', 'Content-Length': '49', 'Content-Type': 'application/json'} 
 body=b'{"email": "joao@gmail.com", "password": "pwd123"}' 
 </msg>
<msg timestamp="20220203 11:09:01.983" level="INFO">POST Response : url=https://getgeeks-users-raphael.herokuapp.com/sessions 
 status=200, reason=OK 
 headers={'Server': 'Cowboy', 'Connection': 'keep-alive', 'X-Powered-By': 'Express', 'Access-Control-Allow-Origin': '*', 'Content-Type': 'application/json; charset=utf-8', 'Content-Length': '359', 'Etag': 'W/"167-L0F84PG4TfFElu78u1aOY0OpjPk"', 'Date': 'Thu, 03 Feb 2022 14:09:01 GMT', 'Via': '1.1 vegur'} 
 body={"user":{"id":722,"email":"joao@gmail.com","password_hash":"$2b$08$vxVv1/xuZDyyIL9ZQJUtHu3TZqC7Uvaw97HtHgKbMgsLohB/1mUai","name":"Joao Vitor","avatar":null,"whatsapp":null,"is_geek":false},"token":"eyJhbGciOiJIUzI1NiIsInR5cCI6IkpXVCJ9.eyJpZCI6NzIyLCJpYXQiOjE2NDM4OTczNDEsImV4cCI6MTY0NDc2MTM0MX0._QsRO2TPzzw-O24FG4LAIWfXusktTTulzQGIaaDk_Bk","expires_in":"10d"} 
 </msg>
<msg timestamp="20220203 11:09:01.984" level="INFO">${response} = &lt;Response [200]&gt;</msg>
<status status="PASS" starttime="20220203 11:09:01.330" endtime="20220203 11:09:01.984"/>
</kw>
<msg timestamp="20220203 11:09:01.985" level="INFO">${response} = &lt;Response [200]&gt;</msg>
<status status="PASS" starttime="20220203 11:09:01.329" endtime="20220203 11:09:01.985"/>
</kw>
<kw name="Set Variable" library="BuiltIn">
<var>${result}</var>
<arg>${EMPTY}</arg>
<doc>Returns the given values which can then be assigned to a variables.</doc>
<msg timestamp="20220203 11:09:01.988" level="INFO">${result} = </msg>
<status status="PASS" starttime="20220203 11:09:01.986" endtime="20220203 11:09:01.989"/>
</kw>
<if>
<branch type="IF" condition="&quot;200&quot; in &quot;${response}&quot;">
<kw name="Set Variable" library="BuiltIn">
<var>${result}</var>
<arg>Bearer ${response.json()}[token]</arg>
<doc>Returns the given values which can then be assigned to a variables.</doc>
<msg timestamp="20220203 11:09:01.993" level="INFO">${result} = Bearer eyJhbGciOiJIUzI1NiIsInR5cCI6IkpXVCJ9.eyJpZCI6NzIyLCJpYXQiOjE2NDM4OTczNDEsImV4cCI6MTY0NDc2MTM0MX0._QsRO2TPzzw-O24FG4LAIWfXusktTTulzQGIaaDk_Bk</msg>
<status status="PASS" starttime="20220203 11:09:01.991" endtime="20220203 11:09:01.993"/>
</kw>
<status status="PASS" starttime="20220203 11:09:01.990" endtime="20220203 11:09:01.993"/>
</branch>
<status status="PASS" starttime="20220203 11:09:01.989" endtime="20220203 11:09:01.993"/>
</if>
<msg timestamp="20220203 11:09:01.994" level="INFO">${token} = Bearer eyJhbGciOiJIUzI1NiIsInR5cCI6IkpXVCJ9.eyJpZCI6NzIyLCJpYXQiOjE2NDM4OTczNDEsImV4cCI6MTY0NDc2MTM0MX0._QsRO2TPzzw-O24FG4LAIWfXusktTTulzQGIaaDk_Bk</msg>
<status status="PASS" starttime="20220203 11:09:01.326" endtime="20220203 11:09:01.994"/>
</kw>
<kw name="POST Geek" library="GeeksRoute">
<var>${response}</var>
<arg>${token}</arg>
<arg>${user}[geek_profile]</arg>
<kw name="Create Dictionary" library="BuiltIn">
<var>${headers}</var>
<arg>Authorization=${token}</arg>
<doc>Creates and returns a dictionary based on the given ``items``.</doc>
<msg timestamp="20220203 11:09:02.001" level="INFO">${headers} = {'Authorization': 'Bearer eyJhbGciOiJIUzI1NiIsInR5cCI6IkpXVCJ9.eyJpZCI6NzIyLCJpYXQiOjE2NDM4OTczNDEsImV4cCI6MTY0NDc2MTM0MX0._QsRO2TPzzw-O24FG4LAIWfXusktTTulzQGIaaDk_Bk'}</msg>
<status status="PASS" starttime="20220203 11:09:01.998" endtime="20220203 11:09:02.001"/>
</kw>
<kw name="POST" library="RequestsLibrary">
<var>${response}</var>
<arg>${API_GEEKS}/geeks</arg>
<arg>headers=${headers}</arg>
<arg>json=${payload}</arg>
<arg>expected_status=any</arg>
<doc>Sends a POST request.</doc>
<msg timestamp="20220203 11:09:08.805" level="INFO">POST Request : url=https://getgeeks-geeks-raphael.herokuapp.com/geeks 
 path_url=/geeks 
 headers={'User-Agent': 'python-requests/2.26.0', 'Accept-Encoding': 'gzip, deflate', 'Accept': '*/*', 'Connection': 'keep-alive', 'Authorization': 'Bearer eyJhbGciOiJIUzI1NiIsInR5cCI6IkpXVCJ9.eyJpZCI6NzIyLCJpYXQiOjE2NDM4OTczNDEsImV4cCI6MTY0NDc2MTM0MX0._QsRO2TPzzw-O24FG4LAIWfXusktTTulzQGIaaDk_Bk', 'Content-Length': '226', 'Content-Type': 'application/json'} 
 body=b'{"whatsapp": "11999999999", "desc": "Formato seu computador, instalo o sistema operacional (Linux e Windows) e todos as ferramentas que voc\\u00ea gosta de usar", "printer_repair": "Sim", "work": "Presencial", "cost": "150.99"}' 
 </msg>
<msg timestamp="20220203 11:09:08.805" level="INFO">POST Response : url=https://getgeeks-geeks-raphael.herokuapp.com/geeks 
 status=201, reason=Created 
 headers={'Server': 'Cowboy', 'Connection': 'keep-alive', 'X-Powered-By': 'Express', 'Access-Control-Allow-Origin': '*', 'Date': 'Thu, 03 Feb 2022 14:09:08 GMT', 'Content-Length': '0', 'Via': '1.1 vegur'} 
 body=None 
 </msg>
<msg timestamp="20220203 11:09:08.806" level="INFO">${response} = &lt;Response [201]&gt;</msg>
<status status="PASS" starttime="20220203 11:09:02.001" endtime="20220203 11:09:08.806"/>
</kw>
<msg timestamp="20220203 11:09:08.807" level="INFO">${response} = &lt;Response [201]&gt;</msg>
<status status="PASS" starttime="20220203 11:09:01.996" endtime="20220203 11:09:08.807"/>
</kw>
<kw name="Status Should Be" library="RequestsLibrary">
<arg>201</arg>
<arg>${response}</arg>
<doc>Fails if response status code is different than the expected.</doc>
<status status="PASS" starttime="20220203 11:09:08.810" endtime="20220203 11:09:08.812"/>
</kw>
<kw name="GET User" library="UsersRoute">
<var>${response}</var>
<arg>${token}</arg>
<kw name="Create Dictionary" library="BuiltIn">
<var>${headers}</var>
<arg>Authorization=${token}</arg>
<doc>Creates and returns a dictionary based on the given ``items``.</doc>
<msg timestamp="20220203 11:09:08.816" level="INFO">${headers} = {'Authorization': 'Bearer eyJhbGciOiJIUzI1NiIsInR5cCI6IkpXVCJ9.eyJpZCI6NzIyLCJpYXQiOjE2NDM4OTczNDEsImV4cCI6MTY0NDc2MTM0MX0._QsRO2TPzzw-O24FG4LAIWfXusktTTulzQGIaaDk_Bk'}</msg>
<status status="PASS" starttime="20220203 11:09:08.814" endtime="20220203 11:09:08.816"/>
</kw>
<kw name="GET" library="RequestsLibrary">
<var>${response}</var>
<arg>${API_USERS}/users</arg>
<arg>headers=${headers}</arg>
<arg>expected_status=any</arg>
<doc>Sends a GET request.</doc>
<msg timestamp="20220203 11:09:09.492" level="INFO">GET Request : url=https://getgeeks-users-raphael.herokuapp.com/users 
 path_url=/users 
 headers={'User-Agent': 'python-requests/2.26.0', 'Accept-Encoding': 'gzip, deflate', 'Accept': '*/*', 'Connection': 'keep-alive', 'Authorization': 'Bearer eyJhbGciOiJIUzI1NiIsInR5cCI6IkpXVCJ9.eyJpZCI6NzIyLCJpYXQiOjE2NDM4OTczNDEsImV4cCI6MTY0NDc2MTM0MX0._QsRO2TPzzw-O24FG4LAIWfXusktTTulzQGIaaDk_Bk'} 
 body=None 
 </msg>
<msg timestamp="20220203 11:09:09.493" level="INFO">GET Response : url=https://getgeeks-users-raphael.herokuapp.com/users 
 status=200, reason=OK 
 headers={'Server': 'Cowboy', 'Connection': 'keep-alive', 'X-Powered-By': 'Express', 'Access-Control-Allow-Origin': '*', 'Content-Type': 'application/json; charset=utf-8', 'Content-Length': '388', 'Etag': 'W/"184-qT6o8TdSeaWsH+KIiwv5ZQtWFwk"', 'Date': 'Thu, 03 Feb 2022 14:09:09 GMT', 'Via': '1.1 vegur'} 
 body={"id":79,"email":"joao@gmail.com","password_hash":"$2b$08$vxVv1/xuZDyyIL9ZQJUtHu3TZqC7Uvaw97HtHgKbMgsLohB/1mUai","name":"Joao Vitor","avatar":null,"whatsapp":"11999999999","is_geek":true,"desc":"Formato seu computador, instalo o sistema operacional (Linux e Windows) e todos as ferramentas que você gosta de usar","printer_repair":"Sim","work":"Presencial","cost":"150.99","user_id":722} 
 </msg>
<msg timestamp="20220203 11:09:09.494" level="INFO">${response} = &lt;Response [200]&gt;</msg>
<status status="PASS" starttime="20220203 11:09:08.816" endtime="20220203 11:09:09.494"/>
</kw>
<msg timestamp="20220203 11:09:09.495" level="INFO">${response} = &lt;Response [200]&gt;</msg>
<status status="PASS" starttime="20220203 11:09:08.813" endtime="20220203 11:09:09.496"/>
</kw>
<kw name="Should Be Equal As Strings" library="BuiltIn">
<arg>${user}[name]</arg>
<arg>${response.json()}[name]</arg>
<doc>Fails if objects are unequal after converting them to strings.</doc>
<status status="PASS" starttime="20220203 11:09:09.498" endtime="20220203 11:09:09.501"/>
</kw>
<kw name="Should Be Equal As Strings" library="BuiltIn">
<arg>${user}[email]</arg>
<arg>${response.json()}[email]</arg>
<doc>Fails if objects are unequal after converting them to strings.</doc>
<status status="PASS" starttime="20220203 11:09:09.502" endtime="20220203 11:09:09.503"/>
</kw>
<kw name="Should Be Equal As Strings" library="BuiltIn">
<arg>${user}[geek_profile][whatsapp]</arg>
<arg>${response.json()}[whatsapp]</arg>
<doc>Fails if objects are unequal after converting them to strings.</doc>
<status status="PASS" starttime="20220203 11:09:09.504" endtime="20220203 11:09:09.505"/>
</kw>
<kw name="Should Be Equal As Strings" library="BuiltIn">
<arg>${user}[geek_profile][desc]</arg>
<arg>${response.json()}[desc]</arg>
<doc>Fails if objects are unequal after converting them to strings.</doc>
<status status="PASS" starttime="20220203 11:09:09.506" endtime="20220203 11:09:09.508"/>
</kw>
<kw name="Convert To Number" library="BuiltIn">
<var>${expected_float}</var>
<arg>${user}[geek_profile][cost]</arg>
<doc>Converts the given item to a floating point number.</doc>
<msg timestamp="20220203 11:09:09.510" level="INFO">${expected_float} = 150.99</msg>
<status status="PASS" starttime="20220203 11:09:09.509" endtime="20220203 11:09:09.510"/>
</kw>
<kw name="Convert To Number" library="BuiltIn">
<var>${got_float}</var>
<arg>${response.json()}[cost]</arg>
<doc>Converts the given item to a floating point number.</doc>
<msg timestamp="20220203 11:09:09.513" level="INFO">${got_float} = 150.99</msg>
<status status="PASS" starttime="20220203 11:09:09.511" endtime="20220203 11:09:09.513"/>
</kw>
<kw name="Should Be Equal" library="BuiltIn">
<arg>${expected_float}</arg>
<arg>${got_float}</arg>
<doc>Fails if the given objects are unequal.</doc>
<status status="PASS" starttime="20220203 11:09:09.514" endtime="20220203 11:09:09.515"/>
</kw>
<kw name="Should Be Equal As Strings" library="BuiltIn">
<arg>${user}[geek_profile][printer_repair]</arg>
<arg>${response.json()}[printer_repair]</arg>
<doc>Fails if objects are unequal after converting them to strings.</doc>
<status status="PASS" starttime="20220203 11:09:09.516" endtime="20220203 11:09:09.517"/>
</kw>
<kw name="Should Be Equal As Strings" library="BuiltIn">
<arg>None</arg>
<arg>${response.json()}[avatar]</arg>
<doc>Fails if objects are unequal after converting them to strings.</doc>
<msg timestamp="20220203 11:09:09.519" level="INFO">Argument types are:
&lt;type 'unicode'&gt;
&lt;class 'NoneType'&gt;</msg>
<status status="PASS" starttime="20220203 11:09:09.517" endtime="20220203 11:09:09.519"/>
</kw>
<kw name="Should Be Equal As Strings" library="BuiltIn">
<arg>True</arg>
<arg>${response.json()}[is_geek]</arg>
<doc>Fails if objects are unequal after converting them to strings.</doc>
<msg timestamp="20220203 11:09:09.520" level="INFO">Argument types are:
&lt;type 'unicode'&gt;
&lt;class 'bool'&gt;</msg>
<status status="PASS" starttime="20220203 11:09:09.519" endtime="20220203 11:09:09.520"/>
</kw>
<status status="PASS" starttime="20220203 11:08:52.809" endtime="20220203 11:09:09.521"/>
</test>
<test id="s1-s1-t2" name="Get Geeks List">
<kw name="Factory Search For Geeks" library="Users">
<var>${data}</var>
<msg timestamp="20220203 11:09:09.525" level="INFO">${data} = {'user': {'name': 'Peter Quill', 'email': 'quill@marvel.com', 'password': 'pwd123'}, 'geeks': [{'name': 'Riri Willians', 'email': 'riri@marvel.com', 'password': 'pwd123', 'geek_profile': {'whatsapp': ...</msg>
<status status="PASS" starttime="20220203 11:09:09.524" endtime="20220203 11:09:09.525"/>
</kw>
<for flavor="IN">
<var>${geek}</var>
<value>@{data}[geeks]</value>
<iter>
<var name="${geek}">{'name': 'Riri Willians', 'email': 'riri@marvel.com', 'password': 'pwd123', 'geek_profile': {'whatsapp': '11999999999', 'desc': 'Seu computador está lento? Reiniciando do nada? Talvez seja um vírus, o...</var>
<kw name="POST User" library="UsersRoute">
<arg>${geek}</arg>
<kw name="POST" library="RequestsLibrary">
<var>${response}</var>
<arg>${API_USERS}/users</arg>
<arg>json=${payload}</arg>
<arg>expected_status=any</arg>
<doc>Sends a POST request.</doc>
<msg timestamp="20220203 11:09:10.153" level="INFO">POST Request : url=https://getgeeks-users-raphael.herokuapp.com/users 
 path_url=/users 
 headers={'User-Agent': 'python-requests/2.26.0', 'Accept-Encoding': 'gzip, deflate', 'Accept': '*/*', 'Connection': 'keep-alive', 'Content-Length': '483', 'Content-Type': 'application/json'} 
 body=b'{"name": "Riri Willians", "email": "riri@marvel.com", "password": "pwd123", "geek_profile": {"whatsapp": "11999999999", "desc": "Seu computador est\\u00e1 lento? Reiniciando do nada? Talvez seja um v\\u00edrus, ou algum hardware com defeito. Posso fazer a manuten\\u00e7\\u00e3o no seu PC, formando, reinstalando o SO, trocando algum componente f\\u00edsico e porque n\\u00e3o remover o baidu ou qualquer outro malware.", "printer_repair": "N\\u00e3o", "work": "Presencial", "cost": "100"}}' 
 </msg>
<msg timestamp="20220203 11:09:10.153" level="INFO">POST Response : url=https://getgeeks-users-raphael.herokuapp.com/users 
 status=400, reason=Bad Request 
 headers={'Server': 'Cowboy', 'Connection': 'keep-alive', 'X-Powered-By': 'Express', 'Access-Control-Allow-Origin': '*', 'Content-Type': 'application/json; charset=utf-8', 'Content-Length': '31', 'Etag': 'W/"1f-lFUySNKwX3L5eGEwGcNcUoVKWhE"', 'Date': 'Thu, 03 Feb 2022 14:09:10 GMT', 'Via': '1.1 vegur'} 
 body={"error":"User already exists"} 
 </msg>
<msg timestamp="20220203 11:09:10.154" level="INFO">${response} = &lt;Response [400]&gt;</msg>
<status status="PASS" starttime="20220203 11:09:09.527" endtime="20220203 11:09:10.154"/>
</kw>
<status status="PASS" starttime="20220203 11:09:09.526" endtime="20220203 11:09:10.155"/>
</kw>
<kw name="Get Token" library="Helpers">
<var>${token}</var>
<arg>${geek}</arg>
<kw name="Create Dictionary" library="BuiltIn">
<var>${payload}</var>
<arg>email=${user}[email]</arg>
<arg>password=${user}[password]</arg>
<doc>Creates and returns a dictionary based on the given ``items``.</doc>
<msg timestamp="20220203 11:09:10.161" level="INFO">${payload} = {'email': 'riri@marvel.com', 'password': 'pwd123'}</msg>
<status status="PASS" starttime="20220203 11:09:10.157" endtime="20220203 11:09:10.161"/>
</kw>
<kw name="POST Session" library="SessionsRoute">
<var>${response}</var>
<arg>${payload}</arg>
<kw name="POST" library="RequestsLibrary">
<var>${response}</var>
<arg>${API_USERS}/sessions</arg>
<arg>json=${payload}</arg>
<arg>expected_status=any</arg>
<doc>Sends a POST request.</doc>
<msg timestamp="20220203 11:09:10.811" level="INFO">POST Request : url=https://getgeeks-users-raphael.herokuapp.com/sessions 
 path_url=/sessions 
 headers={'User-Agent': 'python-requests/2.26.0', 'Accept-Encoding': 'gzip, deflate', 'Accept': '*/*', 'Connection': 'keep-alive', 'Content-Length': '50', 'Content-Type': 'application/json'} 
 body=b'{"email": "riri@marvel.com", "password": "pwd123"}' 
 </msg>
<msg timestamp="20220203 11:09:10.811" level="INFO">POST Response : url=https://getgeeks-users-raphael.herokuapp.com/sessions 
 status=200, reason=OK 
 headers={'Server': 'Cowboy', 'Connection': 'keep-alive', 'X-Powered-By': 'Express', 'Access-Control-Allow-Origin': '*', 'Content-Type': 'application/json; charset=utf-8', 'Content-Length': '371', 'Etag': 'W/"173-X0iWkyd0ifpoIpLB/LuLnY6tYcI"', 'Date': 'Thu, 03 Feb 2022 14:09:10 GMT', 'Via': '1.1 vegur'} 
 body={"user":{"id":705,"email":"riri@marvel.com","password_hash":"$2b$08$dZC0tUpeOZ0ftDdADki0luaetfrA3IsGJl8EzPPtQPnBSCLaTW6Sa","name":"Riri Willians","avatar":null,"whatsapp":"11999999999","is_geek":true},"token":"eyJhbGciOiJIUzI1NiIsInR5cCI6IkpXVCJ9.eyJpZCI6NzA1LCJpYXQiOjE2NDM4OTczNTAsImV4cCI6MTY0NDc2MTM1MH0.bMf4w9pCyZLArvNMru3SeG5HCFPULLr9q6EcELu7iZ0","expires_in":"10d"} 
 </msg>
<msg timestamp="20220203 11:09:10.811" level="INFO">${response} = &lt;Response [200]&gt;</msg>
<status status="PASS" starttime="20220203 11:09:10.165" endtime="20220203 11:09:10.811"/>
</kw>
<msg timestamp="20220203 11:09:10.812" level="INFO">${response} = &lt;Response [200]&gt;</msg>
<status status="PASS" starttime="20220203 11:09:10.162" endtime="20220203 11:09:10.813"/>
</kw>
<kw name="Set Variable" library="BuiltIn">
<var>${result}</var>
<arg>${EMPTY}</arg>
<doc>Returns the given values which can then be assigned to a variables.</doc>
<msg timestamp="20220203 11:09:10.815" level="INFO">${result} = </msg>
<status status="PASS" starttime="20220203 11:09:10.813" endtime="20220203 11:09:10.816"/>
</kw>
<if>
<branch type="IF" condition="&quot;200&quot; in &quot;${response}&quot;">
<kw name="Set Variable" library="BuiltIn">
<var>${result}</var>
<arg>Bearer ${response.json()}[token]</arg>
<doc>Returns the given values which can then be assigned to a variables.</doc>
<msg timestamp="20220203 11:09:10.818" level="INFO">${result} = Bearer eyJhbGciOiJIUzI1NiIsInR5cCI6IkpXVCJ9.eyJpZCI6NzA1LCJpYXQiOjE2NDM4OTczNTAsImV4cCI6MTY0NDc2MTM1MH0.bMf4w9pCyZLArvNMru3SeG5HCFPULLr9q6EcELu7iZ0</msg>
<status status="PASS" starttime="20220203 11:09:10.816" endtime="20220203 11:09:10.818"/>
</kw>
<status status="PASS" starttime="20220203 11:09:10.816" endtime="20220203 11:09:10.818"/>
</branch>
<status status="PASS" starttime="20220203 11:09:10.816" endtime="20220203 11:09:10.818"/>
</if>
<msg timestamp="20220203 11:09:10.819" level="INFO">${token} = Bearer eyJhbGciOiJIUzI1NiIsInR5cCI6IkpXVCJ9.eyJpZCI6NzA1LCJpYXQiOjE2NDM4OTczNTAsImV4cCI6MTY0NDc2MTM1MH0.bMf4w9pCyZLArvNMru3SeG5HCFPULLr9q6EcELu7iZ0</msg>
<status status="PASS" starttime="20220203 11:09:10.155" endtime="20220203 11:09:10.819"/>
</kw>
<kw name="POST Geek" library="GeeksRoute">
<arg>${token}</arg>
<arg>${geek}[geek_profile]</arg>
<kw name="Create Dictionary" library="BuiltIn">
<var>${headers}</var>
<arg>Authorization=${token}</arg>
<doc>Creates and returns a dictionary based on the given ``items``.</doc>
<msg timestamp="20220203 11:09:10.822" level="INFO">${headers} = {'Authorization': 'Bearer eyJhbGciOiJIUzI1NiIsInR5cCI6IkpXVCJ9.eyJpZCI6NzA1LCJpYXQiOjE2NDM4OTczNTAsImV4cCI6MTY0NDc2MTM1MH0.bMf4w9pCyZLArvNMru3SeG5HCFPULLr9q6EcELu7iZ0'}</msg>
<status status="PASS" starttime="20220203 11:09:10.821" endtime="20220203 11:09:10.822"/>
</kw>
<kw name="POST" library="RequestsLibrary">
<var>${response}</var>
<arg>${API_GEEKS}/geeks</arg>
<arg>headers=${headers}</arg>
<arg>json=${payload}</arg>
<arg>expected_status=any</arg>
<doc>Sends a POST request.</doc>
<msg timestamp="20220203 11:09:11.476" level="INFO">POST Request : url=https://getgeeks-geeks-raphael.herokuapp.com/geeks 
 path_url=/geeks 
 headers={'User-Agent': 'python-requests/2.26.0', 'Accept-Encoding': 'gzip, deflate', 'Accept': '*/*', 'Connection': 'keep-alive', 'Authorization': 'Bearer eyJhbGciOiJIUzI1NiIsInR5cCI6IkpXVCJ9.eyJpZCI6NzA1LCJpYXQiOjE2NDM4OTczNTAsImV4cCI6MTY0NDc2MTM1MH0.bMf4w9pCyZLArvNMru3SeG5HCFPULLr9q6EcELu7iZ0', 'Content-Length': '390', 'Content-Type': 'application/json'} 
 body=b'{"whatsapp": "11999999999", "desc": "Seu computador est\\u00e1 lento? Reiniciando do nada? Talvez seja um v\\u00edrus, ou algum hardware com defeito. Posso fazer a manuten\\u00e7\\u00e3o no seu PC, formando, reinstalando o SO, trocando algum componente f\\u00edsico e porque n\\u00e3o remover o baidu ou qualquer outro malware.", "printer_repair": "N\\u00e3o", "work": "Presencial", "cost": "100"}' 
 </msg>
<msg timestamp="20220203 11:09:11.476" level="INFO">POST Response : url=https://getgeeks-geeks-raphael.herokuapp.com/geeks 
 status=201, reason=Created 
 headers={'Server': 'Cowboy', 'Connection': 'keep-alive', 'X-Powered-By': 'Express', 'Access-Control-Allow-Origin': '*', 'Date': 'Thu, 03 Feb 2022 14:09:11 GMT', 'Content-Length': '0', 'Via': '1.1 vegur'} 
 body=None 
 </msg>
<msg timestamp="20220203 11:09:11.477" level="INFO">${response} = &lt;Response [201]&gt;</msg>
<status status="PASS" starttime="20220203 11:09:10.822" endtime="20220203 11:09:11.477"/>
</kw>
<status status="PASS" starttime="20220203 11:09:10.819" endtime="20220203 11:09:11.478"/>
</kw>
<status status="PASS" starttime="20220203 11:09:09.526" endtime="20220203 11:09:11.478"/>
</iter>
<iter>
<var name="${geek}">{'name': 'Arnim Zola', 'email': 'zola@hidra.com', 'password': 'pwd123', 'geek_profile': {'whatsapp': '21999999999', 'desc': 'Instalo Distros Ubuntu, Debian, ElementaryOS, PopOS, Linux Mint, Kurumin, M...</var>
<kw name="POST User" library="UsersRoute">
<arg>${geek}</arg>
<kw name="POST" library="RequestsLibrary">
<var>${response}</var>
<arg>${API_USERS}/users</arg>
<arg>json=${payload}</arg>
<arg>expected_status=any</arg>
<doc>Sends a POST request.</doc>
<msg timestamp="20220203 11:09:12.101" level="INFO">POST Request : url=https://getgeeks-users-raphael.herokuapp.com/users 
 path_url=/users 
 headers={'User-Agent': 'python-requests/2.26.0', 'Accept-Encoding': 'gzip, deflate', 'Accept': '*/*', 'Connection': 'keep-alive', 'Content-Length': '445', 'Content-Type': 'application/json'} 
 body=b'{"name": "Arnim Zola", "email": "zola@hidra.com", "password": "pwd123", "geek_profile": {"whatsapp": "21999999999", "desc": "Instalo Distros Ubuntu, Debian, ElementaryOS, PopOS, Linux Mint, Kurumin, Mandrake, Connectiva, Fedora, RedHat, CentOS, Slackware, Gentoo, Archlinux, Kubuntu, Xubuntu, Suze, Mandriva, Edubuntu, KateOS, Sabayon Linux, Manjaro Linux, BigLinux, ZorinOS, Unit", "printer_repair": "N\\u00e3o", "work": "Ambos", "cost": "110"}}' 
 </msg>
<msg timestamp="20220203 11:09:12.102" level="INFO">POST Response : url=https://getgeeks-users-raphael.herokuapp.com/users 
 status=400, reason=Bad Request 
 headers={'Server': 'Cowboy', 'Connection': 'keep-alive', 'X-Powered-By': 'Express', 'Access-Control-Allow-Origin': '*', 'Content-Type': 'application/json; charset=utf-8', 'Content-Length': '31', 'Etag': 'W/"1f-lFUySNKwX3L5eGEwGcNcUoVKWhE"', 'Date': 'Thu, 03 Feb 2022 14:09:12 GMT', 'Via': '1.1 vegur'} 
 body={"error":"User already exists"} 
 </msg>
<msg timestamp="20220203 11:09:12.102" level="INFO">${response} = &lt;Response [400]&gt;</msg>
<status status="PASS" starttime="20220203 11:09:11.481" endtime="20220203 11:09:12.102"/>
</kw>
<status status="PASS" starttime="20220203 11:09:11.479" endtime="20220203 11:09:12.103"/>
</kw>
<kw name="Get Token" library="Helpers">
<var>${token}</var>
<arg>${geek}</arg>
<kw name="Create Dictionary" library="BuiltIn">
<var>${payload}</var>
<arg>email=${user}[email]</arg>
<arg>password=${user}[password]</arg>
<doc>Creates and returns a dictionary based on the given ``items``.</doc>
<msg timestamp="20220203 11:09:12.107" level="INFO">${payload} = {'email': 'zola@hidra.com', 'password': 'pwd123'}</msg>
<status status="PASS" starttime="20220203 11:09:12.105" endtime="20220203 11:09:12.107"/>
</kw>
<kw name="POST Session" library="SessionsRoute">
<var>${response}</var>
<arg>${payload}</arg>
<kw name="POST" library="RequestsLibrary">
<var>${response}</var>
<arg>${API_USERS}/sessions</arg>
<arg>json=${payload}</arg>
<arg>expected_status=any</arg>
<doc>Sends a POST request.</doc>
<msg timestamp="20220203 11:09:12.771" level="INFO">POST Request : url=https://getgeeks-users-raphael.herokuapp.com/sessions 
 path_url=/sessions 
 headers={'User-Agent': 'python-requests/2.26.0', 'Accept-Encoding': 'gzip, deflate', 'Accept': '*/*', 'Connection': 'keep-alive', 'Content-Length': '49', 'Content-Type': 'application/json'} 
 body=b'{"email": "zola@hidra.com", "password": "pwd123"}' 
 </msg>
<msg timestamp="20220203 11:09:12.771" level="INFO">POST Response : url=https://getgeeks-users-raphael.herokuapp.com/sessions 
 status=200, reason=OK 
 headers={'Server': 'Cowboy', 'Connection': 'keep-alive', 'X-Powered-By': 'Express', 'Access-Control-Allow-Origin': '*', 'Content-Type': 'application/json; charset=utf-8', 'Content-Length': '367', 'Etag': 'W/"16f-4PAx89j3bN2ecULT3aev/zxkglU"', 'Date': 'Thu, 03 Feb 2022 14:09:12 GMT', 'Via': '1.1 vegur'} 
 body={"user":{"id":706,"email":"zola@hidra.com","password_hash":"$2b$08$KED6uZZDKIHGViB0ywP9/uElCwndQqg2.7kds542vvzXz3xhcjOWC","name":"Arnim Zola","avatar":null,"whatsapp":"21999999999","is_geek":true},"token":"eyJhbGciOiJIUzI1NiIsInR5cCI6IkpXVCJ9.eyJpZCI6NzA2LCJpYXQiOjE2NDM4OTczNTIsImV4cCI6MTY0NDc2MTM1Mn0.F3d_Kx8sQfA4i1rEk7JJYZfftbH8-KhcvOn-uhJyu88","expires_in":"10d"} 
 </msg>
<msg timestamp="20220203 11:09:12.771" level="INFO">${response} = &lt;Response [200]&gt;</msg>
<status status="PASS" starttime="20220203 11:09:12.108" endtime="20220203 11:09:12.772"/>
</kw>
<msg timestamp="20220203 11:09:12.773" level="INFO">${response} = &lt;Response [200]&gt;</msg>
<status status="PASS" starttime="20220203 11:09:12.107" endtime="20220203 11:09:12.773"/>
</kw>
<kw name="Set Variable" library="BuiltIn">
<var>${result}</var>
<arg>${EMPTY}</arg>
<doc>Returns the given values which can then be assigned to a variables.</doc>
<msg timestamp="20220203 11:09:12.775" level="INFO">${result} = </msg>
<status status="PASS" starttime="20220203 11:09:12.773" endtime="20220203 11:09:12.776"/>
</kw>
<if>
<branch type="IF" condition="&quot;200&quot; in &quot;${response}&quot;">
<kw name="Set Variable" library="BuiltIn">
<var>${result}</var>
<arg>Bearer ${response.json()}[token]</arg>
<doc>Returns the given values which can then be assigned to a variables.</doc>
<msg timestamp="20220203 11:09:12.778" level="INFO">${result} = Bearer eyJhbGciOiJIUzI1NiIsInR5cCI6IkpXVCJ9.eyJpZCI6NzA2LCJpYXQiOjE2NDM4OTczNTIsImV4cCI6MTY0NDc2MTM1Mn0.F3d_Kx8sQfA4i1rEk7JJYZfftbH8-KhcvOn-uhJyu88</msg>
<status status="PASS" starttime="20220203 11:09:12.777" endtime="20220203 11:09:12.778"/>
</kw>
<status status="PASS" starttime="20220203 11:09:12.776" endtime="20220203 11:09:12.778"/>
</branch>
<status status="PASS" starttime="20220203 11:09:12.776" endtime="20220203 11:09:12.779"/>
</if>
<msg timestamp="20220203 11:09:12.779" level="INFO">${token} = Bearer eyJhbGciOiJIUzI1NiIsInR5cCI6IkpXVCJ9.eyJpZCI6NzA2LCJpYXQiOjE2NDM4OTczNTIsImV4cCI6MTY0NDc2MTM1Mn0.F3d_Kx8sQfA4i1rEk7JJYZfftbH8-KhcvOn-uhJyu88</msg>
<status status="PASS" starttime="20220203 11:09:12.104" endtime="20220203 11:09:12.779"/>
</kw>
<kw name="POST Geek" library="GeeksRoute">
<arg>${token}</arg>
<arg>${geek}[geek_profile]</arg>
<kw name="Create Dictionary" library="BuiltIn">
<var>${headers}</var>
<arg>Authorization=${token}</arg>
<doc>Creates and returns a dictionary based on the given ``items``.</doc>
<msg timestamp="20220203 11:09:12.781" level="INFO">${headers} = {'Authorization': 'Bearer eyJhbGciOiJIUzI1NiIsInR5cCI6IkpXVCJ9.eyJpZCI6NzA2LCJpYXQiOjE2NDM4OTczNTIsImV4cCI6MTY0NDc2MTM1Mn0.F3d_Kx8sQfA4i1rEk7JJYZfftbH8-KhcvOn-uhJyu88'}</msg>
<status status="PASS" starttime="20220203 11:09:12.780" endtime="20220203 11:09:12.781"/>
</kw>
<kw name="POST" library="RequestsLibrary">
<var>${response}</var>
<arg>${API_GEEKS}/geeks</arg>
<arg>headers=${headers}</arg>
<arg>json=${payload}</arg>
<arg>expected_status=any</arg>
<doc>Sends a POST request.</doc>
<msg timestamp="20220203 11:09:13.442" level="INFO">POST Request : url=https://getgeeks-geeks-raphael.herokuapp.com/geeks 
 path_url=/geeks 
 headers={'User-Agent': 'python-requests/2.26.0', 'Accept-Encoding': 'gzip, deflate', 'Accept': '*/*', 'Connection': 'keep-alive', 'Authorization': 'Bearer eyJhbGciOiJIUzI1NiIsInR5cCI6IkpXVCJ9.eyJpZCI6NzA2LCJpYXQiOjE2NDM4OTczNTIsImV4cCI6MTY0NDc2MTM1Mn0.F3d_Kx8sQfA4i1rEk7JJYZfftbH8-KhcvOn-uhJyu88', 'Content-Length': '356', 'Content-Type': 'application/json'} 
 body=b'{"whatsapp": "21999999999", "desc": "Instalo Distros Ubuntu, Debian, ElementaryOS, PopOS, Linux Mint, Kurumin, Mandrake, Connectiva, Fedora, RedHat, CentOS, Slackware, Gentoo, Archlinux, Kubuntu, Xubuntu, Suze, Mandriva, Edubuntu, KateOS, Sabayon Linux, Manjaro Linux, BigLinux, ZorinOS, Unit", "printer_repair": "N\\u00e3o", "work": "Ambos", "cost": "110"}' 
 </msg>
<msg timestamp="20220203 11:09:13.442" level="INFO">POST Response : url=https://getgeeks-geeks-raphael.herokuapp.com/geeks 
 status=201, reason=Created 
 headers={'Server': 'Cowboy', 'Connection': 'keep-alive', 'X-Powered-By': 'Express', 'Access-Control-Allow-Origin': '*', 'Date': 'Thu, 03 Feb 2022 14:09:13 GMT', 'Content-Length': '0', 'Via': '1.1 vegur'} 
 body=None 
 </msg>
<msg timestamp="20220203 11:09:13.443" level="INFO">${response} = &lt;Response [201]&gt;</msg>
<status status="PASS" starttime="20220203 11:09:12.781" endtime="20220203 11:09:13.443"/>
</kw>
<status status="PASS" starttime="20220203 11:09:12.779" endtime="20220203 11:09:13.444"/>
</kw>
<status status="PASS" starttime="20220203 11:09:11.479" endtime="20220203 11:09:13.444"/>
</iter>
<iter>
<var name="${geek}">{'name': 'Reed Richards', 'email': 'reed@fantastic4.com', 'password': 'pwd123', 'geek_profile': {'whatsapp': '31999999999', 'desc': 'Instalado e faço manutenção em qualquer tipo de impressora, matrici...</var>
<kw name="POST User" library="UsersRoute">
<arg>${geek}</arg>
<kw name="POST" library="RequestsLibrary">
<var>${response}</var>
<arg>${API_USERS}/users</arg>
<arg>json=${payload}</arg>
<arg>expected_status=any</arg>
<doc>Sends a POST request.</doc>
<msg timestamp="20220203 11:09:14.114" level="INFO">POST Request : url=https://getgeeks-users-raphael.herokuapp.com/users 
 path_url=/users 
 headers={'User-Agent': 'python-requests/2.26.0', 'Accept-Encoding': 'gzip, deflate', 'Accept': '*/*', 'Connection': 'keep-alive', 'Content-Length': '415', 'Content-Type': 'application/json'} 
 body=b'{"name": "Reed Richards", "email": "reed@fantastic4.com", "password": "pwd123", "geek_profile": {"whatsapp": "31999999999", "desc": "Instalado e fa\\u00e7o manuten\\u00e7\\u00e3o em qualquer tipo de impressora, matricial padr\\u00e3o, matricial fiscal, a jato, a cera, a laser e at\\u00e9 3D. Tamb\\u00e9m fa\\u00e7o remold de fitas coloridas para Epson LX300. ", "printer_repair": "Sim", "work": "Remoto", "cost": "120"}}' 
 </msg>
<msg timestamp="20220203 11:09:14.115" level="INFO">POST Response : url=https://getgeeks-users-raphael.herokuapp.com/users 
 status=400, reason=Bad Request 
 headers={'Server': 'Cowboy', 'Connection': 'keep-alive', 'X-Powered-By': 'Express', 'Access-Control-Allow-Origin': '*', 'Content-Type': 'application/json; charset=utf-8', 'Content-Length': '31', 'Etag': 'W/"1f-lFUySNKwX3L5eGEwGcNcUoVKWhE"', 'Date': 'Thu, 03 Feb 2022 14:09:14 GMT', 'Via': '1.1 vegur'} 
 body={"error":"User already exists"} 
 </msg>
<msg timestamp="20220203 11:09:14.116" level="INFO">${response} = &lt;Response [400]&gt;</msg>
<status status="PASS" starttime="20220203 11:09:13.447" endtime="20220203 11:09:14.116"/>
</kw>
<status status="PASS" starttime="20220203 11:09:13.445" endtime="20220203 11:09:14.117"/>
</kw>
<kw name="Get Token" library="Helpers">
<var>${token}</var>
<arg>${geek}</arg>
<kw name="Create Dictionary" library="BuiltIn">
<var>${payload}</var>
<arg>email=${user}[email]</arg>
<arg>password=${user}[password]</arg>
<doc>Creates and returns a dictionary based on the given ``items``.</doc>
<msg timestamp="20220203 11:09:14.121" level="INFO">${payload} = {'email': 'reed@fantastic4.com', 'password': 'pwd123'}</msg>
<status status="PASS" starttime="20220203 11:09:14.119" endtime="20220203 11:09:14.121"/>
</kw>
<kw name="POST Session" library="SessionsRoute">
<var>${response}</var>
<arg>${payload}</arg>
<kw name="POST" library="RequestsLibrary">
<var>${response}</var>
<arg>${API_USERS}/sessions</arg>
<arg>json=${payload}</arg>
<arg>expected_status=any</arg>
<doc>Sends a POST request.</doc>
<msg timestamp="20220203 11:09:14.786" level="INFO">POST Request : url=https://getgeeks-users-raphael.herokuapp.com/sessions 
 path_url=/sessions 
 headers={'User-Agent': 'python-requests/2.26.0', 'Accept-Encoding': 'gzip, deflate', 'Accept': '*/*', 'Connection': 'keep-alive', 'Content-Length': '54', 'Content-Type': 'application/json'} 
 body=b'{"email": "reed@fantastic4.com", "password": "pwd123"}' 
 </msg>
<msg timestamp="20220203 11:09:14.786" level="INFO">POST Response : url=https://getgeeks-users-raphael.herokuapp.com/sessions 
 status=200, reason=OK 
 headers={'Server': 'Cowboy', 'Connection': 'keep-alive', 'X-Powered-By': 'Express', 'Access-Control-Allow-Origin': '*', 'Content-Type': 'application/json; charset=utf-8', 'Content-Length': '375', 'Etag': 'W/"177-hrE6kPw2Jvr/TjetuZC/INlPAac"', 'Date': 'Thu, 03 Feb 2022 14:09:14 GMT', 'Via': '1.1 vegur'} 
 body={"user":{"id":707,"email":"reed@fantastic4.com","password_hash":"$2b$08$DxpG4ZR/.WPv0chxVe6SG.U.ZLlRfQh1wuDsmBvyAaE.nTZaLJPG2","name":"Reed Richards","avatar":null,"whatsapp":"31999999999","is_geek":true},"token":"eyJhbGciOiJIUzI1NiIsInR5cCI6IkpXVCJ9.eyJpZCI6NzA3LCJpYXQiOjE2NDM4OTczNTQsImV4cCI6MTY0NDc2MTM1NH0.jQIDwql5oJJrxALxToeVdc0qJZJ10q7uIzzQzlFFV2M","expires_in":"10d"} 
 </msg>
<msg timestamp="20220203 11:09:14.787" level="INFO">${response} = &lt;Response [200]&gt;</msg>
<status status="PASS" starttime="20220203 11:09:14.123" endtime="20220203 11:09:14.787"/>
</kw>
<msg timestamp="20220203 11:09:14.788" level="INFO">${response} = &lt;Response [200]&gt;</msg>
<status status="PASS" starttime="20220203 11:09:14.122" endtime="20220203 11:09:14.788"/>
</kw>
<kw name="Set Variable" library="BuiltIn">
<var>${result}</var>
<arg>${EMPTY}</arg>
<doc>Returns the given values which can then be assigned to a variables.</doc>
<msg timestamp="20220203 11:09:14.791" level="INFO">${result} = </msg>
<status status="PASS" starttime="20220203 11:09:14.789" endtime="20220203 11:09:14.792"/>
</kw>
<if>
<branch type="IF" condition="&quot;200&quot; in &quot;${response}&quot;">
<kw name="Set Variable" library="BuiltIn">
<var>${result}</var>
<arg>Bearer ${response.json()}[token]</arg>
<doc>Returns the given values which can then be assigned to a variables.</doc>
<msg timestamp="20220203 11:09:14.796" level="INFO">${result} = Bearer eyJhbGciOiJIUzI1NiIsInR5cCI6IkpXVCJ9.eyJpZCI6NzA3LCJpYXQiOjE2NDM4OTczNTQsImV4cCI6MTY0NDc2MTM1NH0.jQIDwql5oJJrxALxToeVdc0qJZJ10q7uIzzQzlFFV2M</msg>
<status status="PASS" starttime="20220203 11:09:14.793" endtime="20220203 11:09:14.796"/>
</kw>
<status status="PASS" starttime="20220203 11:09:14.793" endtime="20220203 11:09:14.796"/>
</branch>
<status status="PASS" starttime="20220203 11:09:14.792" endtime="20220203 11:09:14.796"/>
</if>
<msg timestamp="20220203 11:09:14.797" level="INFO">${token} = Bearer eyJhbGciOiJIUzI1NiIsInR5cCI6IkpXVCJ9.eyJpZCI6NzA3LCJpYXQiOjE2NDM4OTczNTQsImV4cCI6MTY0NDc2MTM1NH0.jQIDwql5oJJrxALxToeVdc0qJZJ10q7uIzzQzlFFV2M</msg>
<status status="PASS" starttime="20220203 11:09:14.117" endtime="20220203 11:09:14.797"/>
</kw>
<kw name="POST Geek" library="GeeksRoute">
<arg>${token}</arg>
<arg>${geek}[geek_profile]</arg>
<kw name="Create Dictionary" library="BuiltIn">
<var>${headers}</var>
<arg>Authorization=${token}</arg>
<doc>Creates and returns a dictionary based on the given ``items``.</doc>
<msg timestamp="20220203 11:09:14.801" level="INFO">${headers} = {'Authorization': 'Bearer eyJhbGciOiJIUzI1NiIsInR5cCI6IkpXVCJ9.eyJpZCI6NzA3LCJpYXQiOjE2NDM4OTczNTQsImV4cCI6MTY0NDc2MTM1NH0.jQIDwql5oJJrxALxToeVdc0qJZJ10q7uIzzQzlFFV2M'}</msg>
<status status="PASS" starttime="20220203 11:09:14.800" endtime="20220203 11:09:14.801"/>
</kw>
<kw name="POST" library="RequestsLibrary">
<var>${response}</var>
<arg>${API_GEEKS}/geeks</arg>
<arg>headers=${headers}</arg>
<arg>json=${payload}</arg>
<arg>expected_status=any</arg>
<doc>Sends a POST request.</doc>
<msg timestamp="20220203 11:09:15.477" level="INFO">POST Request : url=https://getgeeks-geeks-raphael.herokuapp.com/geeks 
 path_url=/geeks 
 headers={'User-Agent': 'python-requests/2.26.0', 'Accept-Encoding': 'gzip, deflate', 'Accept': '*/*', 'Connection': 'keep-alive', 'Authorization': 'Bearer eyJhbGciOiJIUzI1NiIsInR5cCI6IkpXVCJ9.eyJpZCI6NzA3LCJpYXQiOjE2NDM4OTczNTQsImV4cCI6MTY0NDc2MTM1NH0.jQIDwql5oJJrxALxToeVdc0qJZJ10q7uIzzQzlFFV2M', 'Content-Length': '318', 'Content-Type': 'application/json'} 
 body=b'{"whatsapp": "31999999999", "desc": "Instalado e fa\\u00e7o manuten\\u00e7\\u00e3o em qualquer tipo de impressora, matricial padr\\u00e3o, matricial fiscal, a jato, a cera, a laser e at\\u00e9 3D. Tamb\\u00e9m fa\\u00e7o remold de fitas coloridas para Epson LX300. ", "printer_repair": "Sim", "work": "Remoto", "cost": "120"}' 
 </msg>
<msg timestamp="20220203 11:09:15.477" level="INFO">POST Response : url=https://getgeeks-geeks-raphael.herokuapp.com/geeks 
 status=201, reason=Created 
 headers={'Server': 'Cowboy', 'Connection': 'keep-alive', 'X-Powered-By': 'Express', 'Access-Control-Allow-Origin': '*', 'Date': 'Thu, 03 Feb 2022 14:09:15 GMT', 'Content-Length': '0', 'Via': '1.1 vegur'} 
 body=None 
 </msg>
<msg timestamp="20220203 11:09:15.478" level="INFO">${response} = &lt;Response [201]&gt;</msg>
<status status="PASS" starttime="20220203 11:09:14.803" endtime="20220203 11:09:15.478"/>
</kw>
<status status="PASS" starttime="20220203 11:09:14.798" endtime="20220203 11:09:15.479"/>
</kw>
<status status="PASS" starttime="20220203 11:09:13.444" endtime="20220203 11:09:15.479"/>
</iter>
<status status="PASS" starttime="20220203 11:09:09.525" endtime="20220203 11:09:15.479"/>
</for>
<kw name="POST User" library="UsersRoute">
<arg>${data}[user]</arg>
<kw name="POST" library="RequestsLibrary">
<var>${response}</var>
<arg>${API_USERS}/users</arg>
<arg>json=${payload}</arg>
<arg>expected_status=any</arg>
<doc>Sends a POST request.</doc>
<msg timestamp="20220203 11:09:16.127" level="INFO">POST Request : url=https://getgeeks-users-raphael.herokuapp.com/users 
 path_url=/users 
 headers={'User-Agent': 'python-requests/2.26.0', 'Accept-Encoding': 'gzip, deflate', 'Accept': '*/*', 'Connection': 'keep-alive', 'Content-Length': '74', 'Content-Type': 'application/json'} 
 body=b'{"name": "Peter Quill", "email": "quill@marvel.com", "password": "pwd123"}' 
 </msg>
<msg timestamp="20220203 11:09:16.128" level="INFO">POST Response : url=https://getgeeks-users-raphael.herokuapp.com/users 
 status=400, reason=Bad Request 
 headers={'Server': 'Cowboy', 'Connection': 'keep-alive', 'X-Powered-By': 'Express', 'Access-Control-Allow-Origin': '*', 'Content-Type': 'application/json; charset=utf-8', 'Content-Length': '31', 'Etag': 'W/"1f-lFUySNKwX3L5eGEwGcNcUoVKWhE"', 'Date': 'Thu, 03 Feb 2022 14:09:16 GMT', 'Via': '1.1 vegur'} 
 body={"error":"User already exists"} 
 </msg>
<msg timestamp="20220203 11:09:16.129" level="INFO">${response} = &lt;Response [400]&gt;</msg>
<status status="PASS" starttime="20220203 11:09:15.483" endtime="20220203 11:09:16.129"/>
</kw>
<status status="PASS" starttime="20220203 11:09:15.482" endtime="20220203 11:09:16.130"/>
</kw>
<kw name="Get Token" library="Helpers">
<var>${token}</var>
<arg>${data}[user]</arg>
<kw name="Create Dictionary" library="BuiltIn">
<var>${payload}</var>
<arg>email=${user}[email]</arg>
<arg>password=${user}[password]</arg>
<doc>Creates and returns a dictionary based on the given ``items``.</doc>
<msg timestamp="20220203 11:09:16.135" level="INFO">${payload} = {'email': 'quill@marvel.com', 'password': 'pwd123'}</msg>
<status status="PASS" starttime="20220203 11:09:16.134" endtime="20220203 11:09:16.136"/>
</kw>
<kw name="POST Session" library="SessionsRoute">
<var>${response}</var>
<arg>${payload}</arg>
<kw name="POST" library="RequestsLibrary">
<var>${response}</var>
<arg>${API_USERS}/sessions</arg>
<arg>json=${payload}</arg>
<arg>expected_status=any</arg>
<doc>Sends a POST request.</doc>
<msg timestamp="20220203 11:09:16.799" level="INFO">POST Request : url=https://getgeeks-users-raphael.herokuapp.com/sessions 
 path_url=/sessions 
 headers={'User-Agent': 'python-requests/2.26.0', 'Accept-Encoding': 'gzip, deflate', 'Accept': '*/*', 'Connection': 'keep-alive', 'Content-Length': '51', 'Content-Type': 'application/json'} 
 body=b'{"email": "quill@marvel.com", "password": "pwd123"}' 
 </msg>
<msg timestamp="20220203 11:09:16.799" level="INFO">POST Response : url=https://getgeeks-users-raphael.herokuapp.com/sessions 
 status=200, reason=OK 
 headers={'Server': 'Cowboy', 'Connection': 'keep-alive', 'X-Powered-By': 'Express', 'Access-Control-Allow-Origin': '*', 'Content-Type': 'application/json; charset=utf-8', 'Content-Length': '362', 'Etag': 'W/"16a-QyeHb6wqiR3ZzzcAp7Xf2AGUFqY"', 'Date': 'Thu, 03 Feb 2022 14:09:16 GMT', 'Via': '1.1 vegur'} 
 body={"user":{"id":708,"email":"quill@marvel.com","password_hash":"$2b$08$HSGzl2Mpd3DYPzFjenHNjOypvT/HU.ZXlaSPlO.ehdPJGpSUkDIO6","name":"Peter Quill","avatar":null,"whatsapp":null,"is_geek":false},"token":"eyJhbGciOiJIUzI1NiIsInR5cCI6IkpXVCJ9.eyJpZCI6NzA4LCJpYXQiOjE2NDM4OTczNTYsImV4cCI6MTY0NDc2MTM1Nn0.xc0S8axsxhP3wfLtGVfkA2eRxKtIEVf___xTyyU2lww","expires_in":"10d"} 
 </msg>
<msg timestamp="20220203 11:09:16.800" level="INFO">${response} = &lt;Response [200]&gt;</msg>
<status status="PASS" starttime="20220203 11:09:16.137" endtime="20220203 11:09:16.800"/>
</kw>
<msg timestamp="20220203 11:09:16.801" level="INFO">${response} = &lt;Response [200]&gt;</msg>
<status status="PASS" starttime="20220203 11:09:16.136" endtime="20220203 11:09:16.801"/>
</kw>
<kw name="Set Variable" library="BuiltIn">
<var>${result}</var>
<arg>${EMPTY}</arg>
<doc>Returns the given values which can then be assigned to a variables.</doc>
<msg timestamp="20220203 11:09:16.805" level="INFO">${result} = </msg>
<status status="PASS" starttime="20220203 11:09:16.802" endtime="20220203 11:09:16.805"/>
</kw>
<if>
<branch type="IF" condition="&quot;200&quot; in &quot;${response}&quot;">
<kw name="Set Variable" library="BuiltIn">
<var>${result}</var>
<arg>Bearer ${response.json()}[token]</arg>
<doc>Returns the given values which can then be assigned to a variables.</doc>
<msg timestamp="20220203 11:09:16.811" level="INFO">${result} = Bearer eyJhbGciOiJIUzI1NiIsInR5cCI6IkpXVCJ9.eyJpZCI6NzA4LCJpYXQiOjE2NDM4OTczNTYsImV4cCI6MTY0NDc2MTM1Nn0.xc0S8axsxhP3wfLtGVfkA2eRxKtIEVf___xTyyU2lww</msg>
<status status="PASS" starttime="20220203 11:09:16.807" endtime="20220203 11:09:16.812"/>
</kw>
<status status="PASS" starttime="20220203 11:09:16.806" endtime="20220203 11:09:16.812"/>
</branch>
<status status="PASS" starttime="20220203 11:09:16.806" endtime="20220203 11:09:16.812"/>
</if>
<msg timestamp="20220203 11:09:16.813" level="INFO">${token} = Bearer eyJhbGciOiJIUzI1NiIsInR5cCI6IkpXVCJ9.eyJpZCI6NzA4LCJpYXQiOjE2NDM4OTczNTYsImV4cCI6MTY0NDc2MTM1Nn0.xc0S8axsxhP3wfLtGVfkA2eRxKtIEVf___xTyyU2lww</msg>
<status status="PASS" starttime="20220203 11:09:16.133" endtime="20220203 11:09:16.813"/>
</kw>
<kw name="GET Geeks" library="GeeksRoute">
<var>${response}</var>
<arg>${token}</arg>
<kw name="Create Dictionary" library="BuiltIn">
<var>${headers}</var>
<arg>Authorization=${token}</arg>
<doc>Creates and returns a dictionary based on the given ``items``.</doc>
<msg timestamp="20220203 11:09:16.819" level="INFO">${headers} = {'Authorization': 'Bearer eyJhbGciOiJIUzI1NiIsInR5cCI6IkpXVCJ9.eyJpZCI6NzA4LCJpYXQiOjE2NDM4OTczNTYsImV4cCI6MTY0NDc2MTM1Nn0.xc0S8axsxhP3wfLtGVfkA2eRxKtIEVf___xTyyU2lww'}</msg>
<status status="PASS" starttime="20220203 11:09:16.817" endtime="20220203 11:09:16.819"/>
</kw>
<kw name="GET" library="RequestsLibrary">
<var>${response}</var>
<arg>${API_GEEKS}/geeks</arg>
<arg>headers=${headers}</arg>
<arg>expected_status=any</arg>
<doc>Sends a GET request.</doc>
<msg timestamp="20220203 11:09:17.519" level="INFO">GET Request : url=https://getgeeks-geeks-raphael.herokuapp.com/geeks 
 path_url=/geeks 
 headers={'User-Agent': 'python-requests/2.26.0', 'Accept-Encoding': 'gzip, deflate', 'Accept': '*/*', 'Connection': 'keep-alive', 'Authorization': 'Bearer eyJhbGciOiJIUzI1NiIsInR5cCI6IkpXVCJ9.eyJpZCI6NzA4LCJpYXQiOjE2NDM4OTczNTYsImV4cCI6MTY0NDc2MTM1Nn0.xc0S8axsxhP3wfLtGVfkA2eRxKtIEVf___xTyyU2lww'} 
 body=None 
 </msg>
<msg timestamp="20220203 11:09:17.519" level="INFO">GET Response : url=https://getgeeks-geeks-raphael.herokuapp.com/geeks 
 status=200, reason=OK 
 headers={'Server': 'Cowboy', 'Connection': 'keep-alive', 'X-Powered-By': 'Express', 'Access-Control-Allow-Origin': '*', 'Content-Type': 'application/json; charset=utf-8', 'Content-Length': '1942', 'Etag': 'W/"796-YCPRXIwfve71cixh8jI+jiRKK1U"', 'Date': 'Thu, 03 Feb 2022 14:09:17 GMT', 'Via': '1.1 vegur'} 
 body={"Geeks":[{"id":722,"desc":"Formato seu computador, instalo o sistema operacional (Linux e Windows) e todos as ferramentas que você gosta de usar","printer_repair":"Sim","work":"Presencial","cost":"150.99","user_id":722,"email":"joao@gmail.com","password_hash":"$2b$08$vxVv1/xuZDyyIL9ZQJUtHu3TZqC7Uvaw97HtHgKbMgsLohB/1mUai","name":"Joao Vitor","avatar":null,"whatsapp":"11999999999","is_geek":true},{"id":705,"desc":"Seu computador está lento? Reiniciando do nada? Talvez seja um vírus, ou algum hardware com defeito. Posso fazer a manutenção no seu PC, formando, reinstalando o SO, trocando algum componente físico e porque não remover o baidu ou qualquer outro malware.","printer_repair":"Não","work":"Presencial","cost":"100.00","user_id":705,"email":"riri@marvel.com","password_hash":"$2b$08$dZC0tUpeOZ0ftDdADki0luaetfrA3IsGJl8EzPPtQPnBSCLaTW6Sa","name":"Riri Willians","avatar":null,"whatsapp":"11999999999","is_geek":true},{"id":706,"desc":"Instalo Distros Ubuntu, Debian, ElementaryOS, PopOS, Linux Mint, Kurumin, Mandrake, Connectiva, Fedora, RedHat, CentOS, Slackware, Gentoo, Archlinux, Kubuntu, Xubuntu, Suze, Mandriva, Edubuntu, KateOS, Sabayon Linux, Manjaro Linux, BigLinux, ZorinOS, Unit","printer_repair":"Não","work":"Ambos","cost":"110.00","user_id":706,"email":"zola@hidra.com","password_hash":"$2b$08$KED6uZZDKIHGViB0ywP9/uElCwndQqg2.7kds542vvzXz3xhcjOWC","name":"Arnim Zola","avatar":null,"whatsapp":"21999999999","is_geek":true},{"id":707,"desc":"Instalado e faço manutenção em qualquer tipo de impressora, matricial padrão, matricial fiscal, a jato, a cera, a laser e até 3D. Também faço remold de fitas coloridas para Epson LX300. ","printer_repair":"Sim","work":"Remoto","cost":"120.00","user_id":707,"email":"reed@fantastic4.com","password_hash":"$2b$08$DxpG4ZR/.WPv0chxVe6SG.U.ZLlRfQh1wuDsmBvyAaE.nTZaLJPG2","name":"Reed Richards","avatar":null,"whatsapp":"31999999999","is_geek":true}],"Count":"4"} 
 </msg>
<msg timestamp="20220203 11:09:17.521" level="INFO">${response} = &lt;Response [200]&gt;</msg>
<status status="PASS" starttime="20220203 11:09:16.820" endtime="20220203 11:09:17.521"/>
</kw>
<msg timestamp="20220203 11:09:17.522" level="INFO">${response} = &lt;Response [200]&gt;</msg>
<status status="PASS" starttime="20220203 11:09:16.816" endtime="20220203 11:09:17.523"/>
</kw>
<kw name="Status Should Be" library="RequestsLibrary">
<arg>200</arg>
<arg>${response}</arg>
<doc>Fails if response status code is different than the expected.</doc>
<status status="PASS" starttime="20220203 11:09:17.526" endtime="20220203 11:09:17.528"/>
</kw>
<kw name="Get Length" library="BuiltIn">
<var>${total}</var>
<arg>${response.json()}[Geeks]</arg>
<doc>Returns and logs the length of the given item as an integer.</doc>
<msg timestamp="20220203 11:09:17.532" level="INFO">Length is 4</msg>
<msg timestamp="20220203 11:09:17.533" level="INFO">${total} = 4</msg>
<status status="PASS" starttime="20220203 11:09:17.529" endtime="20220203 11:09:17.533"/>
</kw>
<kw name="Should Be True" library="BuiltIn">
<arg>${total} &gt; 0</arg>
<doc>Fails if the given condition is not true.</doc>
<status status="PASS" starttime="20220203 11:09:17.535" endtime="20220203 11:09:17.536"/>
</kw>
<tag>geeks_list</tag>
<status status="PASS" starttime="20220203 11:09:09.524" endtime="20220203 11:09:17.538"/>
</test>
<doc>Geek route test suite</doc>
<status status="PASS" starttime="20220203 11:08:52.546" endtime="20220203 11:09:17.545"/>
</suite>
<suite id="s1-s2" name="Sessions" source="D:\estudo\gravidade_zero\pro_expert\getgeeks\project\backend\tests\Sessions.robot">
<test id="s1-s2-t1" name="User session">
<kw name="Factory User Session" library="Users">
<var>${payload}</var>
<arg>signup</arg>
<msg timestamp="20220203 11:09:17.586" level="INFO">${payload} = {'name': 'Kate Bishop', 'email': 'kate@hotmail.com', 'password': 'pwd123'}</msg>
<status status="PASS" starttime="20220203 11:09:17.585" endtime="20220203 11:09:17.586"/>
</kw>
<kw name="POST User" library="UsersRoute">
<arg>${payload}</arg>
<kw name="POST" library="RequestsLibrary">
<var>${response}</var>
<arg>${API_USERS}/users</arg>
<arg>json=${payload}</arg>
<arg>expected_status=any</arg>
<doc>Sends a POST request.</doc>
<msg timestamp="20220203 11:09:18.230" level="INFO">POST Request : url=https://getgeeks-users-raphael.herokuapp.com/users 
 path_url=/users 
 headers={'User-Agent': 'python-requests/2.26.0', 'Accept-Encoding': 'gzip, deflate', 'Accept': '*/*', 'Connection': 'keep-alive', 'Content-Length': '74', 'Content-Type': 'application/json'} 
 body=b'{"name": "Kate Bishop", "email": "kate@hotmail.com", "password": "pwd123"}' 
 </msg>
<msg timestamp="20220203 11:09:18.231" level="INFO">POST Response : url=https://getgeeks-users-raphael.herokuapp.com/users 
 status=400, reason=Bad Request 
 headers={'Server': 'Cowboy', 'Connection': 'keep-alive', 'X-Powered-By': 'Express', 'Access-Control-Allow-Origin': '*', 'Content-Type': 'application/json; charset=utf-8', 'Content-Length': '31', 'Etag': 'W/"1f-lFUySNKwX3L5eGEwGcNcUoVKWhE"', 'Date': 'Thu, 03 Feb 2022 14:09:18 GMT', 'Via': '1.1 vegur'} 
 body={"error":"User already exists"} 
 </msg>
<msg timestamp="20220203 11:09:18.231" level="INFO">${response} = &lt;Response [400]&gt;</msg>
<status status="PASS" starttime="20220203 11:09:17.587" endtime="20220203 11:09:18.232"/>
</kw>
<status status="PASS" starttime="20220203 11:09:17.587" endtime="20220203 11:09:18.232"/>
</kw>
<kw name="Factory User Session" library="Users">
<var>${payload}</var>
<arg>login</arg>
<msg timestamp="20220203 11:09:18.235" level="INFO">${payload} = {'email': 'kate@hotmail.com', 'password': 'pwd123'}</msg>
<status status="PASS" starttime="20220203 11:09:18.235" endtime="20220203 11:09:18.236"/>
</kw>
<kw name="POST Session" library="SessionsRoute">
<var>${response}</var>
<arg>${payload}</arg>
<kw name="POST" library="RequestsLibrary">
<var>${response}</var>
<arg>${API_USERS}/sessions</arg>
<arg>json=${payload}</arg>
<arg>expected_status=any</arg>
<doc>Sends a POST request.</doc>
<msg timestamp="20220203 11:09:18.919" level="INFO">POST Request : url=https://getgeeks-users-raphael.herokuapp.com/sessions 
 path_url=/sessions 
 headers={'User-Agent': 'python-requests/2.26.0', 'Accept-Encoding': 'gzip, deflate', 'Accept': '*/*', 'Connection': 'keep-alive', 'Content-Length': '51', 'Content-Type': 'application/json'} 
 body=b'{"email": "kate@hotmail.com", "password": "pwd123"}' 
 </msg>
<msg timestamp="20220203 11:09:18.919" level="INFO">POST Response : url=https://getgeeks-users-raphael.herokuapp.com/sessions 
 status=200, reason=OK 
 headers={'Server': 'Cowboy', 'Connection': 'keep-alive', 'X-Powered-By': 'Express', 'Access-Control-Allow-Origin': '*', 'Content-Type': 'application/json; charset=utf-8', 'Content-Length': '362', 'Etag': 'W/"16a-pV1wQjuDP0LF0c+aA/Fr1ywB7yg"', 'Date': 'Thu, 03 Feb 2022 14:09:18 GMT', 'Via': '1.1 vegur'} 
 body={"user":{"id":709,"email":"kate@hotmail.com","password_hash":"$2b$08$lfkBVolZ8KSZzaucbSZxcektx9oi5jiQJDvWSS7SeHerIUrbhUDQS","name":"Kate Bishop","avatar":null,"whatsapp":null,"is_geek":false},"token":"eyJhbGciOiJIUzI1NiIsInR5cCI6IkpXVCJ9.eyJpZCI6NzA5LCJpYXQiOjE2NDM4OTczNTgsImV4cCI6MTY0NDc2MTM1OH0.KCGEnjzwrG6y1CKN5UZHUlUVuhMWPa5u-IiEE379BZw","expires_in":"10d"} 
 </msg>
<msg timestamp="20220203 11:09:18.920" level="INFO">${response} = &lt;Response [200]&gt;</msg>
<status status="PASS" starttime="20220203 11:09:18.240" endtime="20220203 11:09:18.920"/>
</kw>
<msg timestamp="20220203 11:09:18.922" level="INFO">${response} = &lt;Response [200]&gt;</msg>
<status status="PASS" starttime="20220203 11:09:18.237" endtime="20220203 11:09:18.922"/>
</kw>
<kw name="Status Should Be" library="RequestsLibrary">
<arg>200</arg>
<arg>${response}</arg>
<doc>Fails if response status code is different than the expected.</doc>
<status status="PASS" starttime="20220203 11:09:18.926" endtime="20220203 11:09:18.928"/>
</kw>
<kw name="Get Length" library="BuiltIn">
<var>${size}</var>
<arg>${response.json()}[token]</arg>
<doc>Returns and logs the length of the given item as an integer.</doc>
<msg timestamp="20220203 11:09:18.933" level="INFO">Length is 140</msg>
<msg timestamp="20220203 11:09:18.933" level="INFO">${size} = 140</msg>
<status status="PASS" starttime="20220203 11:09:18.930" endtime="20220203 11:09:18.933"/>
</kw>
<kw name="Convert To Integer" library="BuiltIn">
<var>${expected_size}</var>
<arg>140</arg>
<doc>Converts the given item to an integer number.</doc>
<msg timestamp="20220203 11:09:18.937" level="INFO">${expected_size} = 140</msg>
<status status="PASS" starttime="20220203 11:09:18.935" endtime="20220203 11:09:18.937"/>
</kw>
<kw name="Should Be Equal" library="BuiltIn">
<arg>${expected_size}</arg>
<arg>${size}</arg>
<doc>Fails if the given objects are unequal.</doc>
<status status="PASS" starttime="20220203 11:09:18.940" endtime="20220203 11:09:18.942"/>
</kw>
<kw name="Should Be Equal" library="BuiltIn">
<arg>10d</arg>
<arg>${response.json()}[expires_in]</arg>
<doc>Fails if the given objects are unequal.</doc>
<status status="PASS" starttime="20220203 11:09:18.943" endtime="20220203 11:09:18.948"/>
</kw>
<status status="PASS" starttime="20220203 11:09:17.583" endtime="20220203 11:09:18.951"/>
</test>
<test id="s1-s2-t2" name="Should Not Get token">
<kw name="Attempt POST Session">
<arg>${inv_pass}</arg>
<arg>401</arg>
<arg>Unauthorized</arg>
<kw name="POST Session" library="SessionsRoute">
<var>${response}</var>
<arg>${payload}</arg>
<kw name="POST" library="RequestsLibrary">
<var>${response}</var>
<arg>${API_USERS}/sessions</arg>
<arg>json=${payload}</arg>
<arg>expected_status=any</arg>
<doc>Sends a POST request.</doc>
<msg timestamp="20220203 11:09:19.679" level="INFO">POST Request : url=https://getgeeks-users-raphael.herokuapp.com/sessions 
 path_url=/sessions 
 headers={'User-Agent': 'python-requests/2.26.0', 'Accept-Encoding': 'gzip, deflate', 'Accept': '*/*', 'Connection': 'keep-alive', 'Content-Length': '51', 'Content-Type': 'application/json'} 
 body=b'{"email": "kate@hotmail.com", "password": "abc123"}' 
 </msg>
<msg timestamp="20220203 11:09:19.680" level="INFO">POST Response : url=https://getgeeks-users-raphael.herokuapp.com/sessions 
 status=401, reason=Unauthorized 
 headers={'Server': 'Cowboy', 'Connection': 'keep-alive', 'X-Powered-By': 'Express', 'Access-Control-Allow-Origin': '*', 'Content-Type': 'application/json; charset=utf-8', 'Content-Length': '24', 'Etag': 'W/"18-XPDV80vbMk4yY1/PADG4jYM4rSI"', 'Date': 'Thu, 03 Feb 2022 14:09:19 GMT', 'Via': '1.1 vegur'} 
 body={"error":"Unauthorized"} 
 </msg>
<msg timestamp="20220203 11:09:19.680" level="INFO">${response} = &lt;Response [401]&gt;</msg>
<status status="PASS" starttime="20220203 11:09:18.960" endtime="20220203 11:09:19.681"/>
</kw>
<msg timestamp="20220203 11:09:19.682" level="INFO">${response} = &lt;Response [401]&gt;</msg>
<status status="PASS" starttime="20220203 11:09:18.958" endtime="20220203 11:09:19.682"/>
</kw>
<kw name="Status Should Be" library="RequestsLibrary">
<arg>${status_code}</arg>
<arg>${response}</arg>
<doc>Fails if response status code is different than the expected.</doc>
<status status="PASS" starttime="20220203 11:09:19.683" endtime="20220203 11:09:19.685"/>
</kw>
<kw name="Should Be Equal" library="BuiltIn">
<arg>${error_message}</arg>
<arg>${response.json()}[error]</arg>
<doc>Fails if the given objects are unequal.</doc>
<status status="PASS" starttime="20220203 11:09:19.686" endtime="20220203 11:09:19.691"/>
</kw>
<status status="PASS" starttime="20220203 11:09:18.956" endtime="20220203 11:09:19.692"/>
</kw>
<kw name="Attempt POST Session">
<arg>${inv_email}</arg>
<arg>400</arg>
<arg>Incorrect email</arg>
<kw name="POST Session" library="SessionsRoute">
<var>${response}</var>
<arg>${payload}</arg>
<kw name="POST" library="RequestsLibrary">
<var>${response}</var>
<arg>${API_USERS}/sessions</arg>
<arg>json=${payload}</arg>
<arg>expected_status=any</arg>
<doc>Sends a POST request.</doc>
<msg timestamp="20220203 11:09:20.366" level="INFO">POST Request : url=https://getgeeks-users-raphael.herokuapp.com/sessions 
 path_url=/sessions 
 headers={'User-Agent': 'python-requests/2.26.0', 'Accept-Encoding': 'gzip, deflate', 'Accept': '*/*', 'Connection': 'keep-alive', 'Content-Length': '46', 'Content-Type': 'application/json'} 
 body=b'{"email": "kate.com.br", "password": "abc123"}' 
 </msg>
<msg timestamp="20220203 11:09:20.367" level="INFO">POST Response : url=https://getgeeks-users-raphael.herokuapp.com/sessions 
 status=400, reason=Bad Request 
 headers={'Server': 'Cowboy', 'Connection': 'keep-alive', 'X-Powered-By': 'Express', 'Access-Control-Allow-Origin': '*', 'Content-Type': 'application/json; charset=utf-8', 'Content-Length': '27', 'Etag': 'W/"1b-/TOfJuE8lwSWEXvBl7o6iRstTo0"', 'Date': 'Thu, 03 Feb 2022 14:09:20 GMT', 'Via': '1.1 vegur'} 
 body={"error":"Incorrect email"} 
 </msg>
<msg timestamp="20220203 11:09:20.367" level="INFO">${response} = &lt;Response [400]&gt;</msg>
<status status="PASS" starttime="20220203 11:09:19.698" endtime="20220203 11:09:20.368"/>
</kw>
<msg timestamp="20220203 11:09:20.369" level="INFO">${response} = &lt;Response [400]&gt;</msg>
<status status="PASS" starttime="20220203 11:09:19.696" endtime="20220203 11:09:20.369"/>
</kw>
<kw name="Status Should Be" library="RequestsLibrary">
<arg>${status_code}</arg>
<arg>${response}</arg>
<doc>Fails if response status code is different than the expected.</doc>
<status status="PASS" starttime="20220203 11:09:20.369" endtime="20220203 11:09:20.371"/>
</kw>
<kw name="Should Be Equal" library="BuiltIn">
<arg>${error_message}</arg>
<arg>${response.json()}[error]</arg>
<doc>Fails if the given objects are unequal.</doc>
<status status="PASS" starttime="20220203 11:09:20.372" endtime="20220203 11:09:20.376"/>
</kw>
<status status="PASS" starttime="20220203 11:09:19.694" endtime="20220203 11:09:20.376"/>
</kw>
<kw name="Attempt POST Session">
<arg>${email_404}</arg>
<arg>401</arg>
<arg>Unauthorized</arg>
<kw name="POST Session" library="SessionsRoute">
<var>${response}</var>
<arg>${payload}</arg>
<kw name="POST" library="RequestsLibrary">
<var>${response}</var>
<arg>${API_USERS}/sessions</arg>
<arg>json=${payload}</arg>
<arg>expected_status=any</arg>
<doc>Sends a POST request.</doc>
<msg timestamp="20220203 11:09:21.042" level="INFO">POST Request : url=https://getgeeks-users-raphael.herokuapp.com/sessions 
 path_url=/sessions 
 headers={'User-Agent': 'python-requests/2.26.0', 'Accept-Encoding': 'gzip, deflate', 'Accept': '*/*', 'Connection': 'keep-alive', 'Content-Length': '47', 'Content-Type': 'application/json'} 
 body=b'{"email": "kate@404.com", "password": "abc123"}' 
 </msg>
<msg timestamp="20220203 11:09:21.043" level="INFO">POST Response : url=https://getgeeks-users-raphael.herokuapp.com/sessions 
 status=401, reason=Unauthorized 
 headers={'Server': 'Cowboy', 'Connection': 'keep-alive', 'X-Powered-By': 'Express', 'Access-Control-Allow-Origin': '*', 'Content-Type': 'application/json; charset=utf-8', 'Content-Length': '24', 'Etag': 'W/"18-XPDV80vbMk4yY1/PADG4jYM4rSI"', 'Date': 'Thu, 03 Feb 2022 14:09:21 GMT', 'Via': '1.1 vegur'} 
 body={"error":"Unauthorized"} 
 </msg>
<msg timestamp="20220203 11:09:21.043" level="INFO">${response} = &lt;Response [401]&gt;</msg>
<status status="PASS" starttime="20220203 11:09:20.383" endtime="20220203 11:09:21.043"/>
</kw>
<msg timestamp="20220203 11:09:21.045" level="INFO">${response} = &lt;Response [401]&gt;</msg>
<status status="PASS" starttime="20220203 11:09:20.381" endtime="20220203 11:09:21.045"/>
</kw>
<kw name="Status Should Be" library="RequestsLibrary">
<arg>${status_code}</arg>
<arg>${response}</arg>
<doc>Fails if response status code is different than the expected.</doc>
<status status="PASS" starttime="20220203 11:09:21.045" endtime="20220203 11:09:21.047"/>
</kw>
<kw name="Should Be Equal" library="BuiltIn">
<arg>${error_message}</arg>
<arg>${response.json()}[error]</arg>
<doc>Fails if the given objects are unequal.</doc>
<status status="PASS" starttime="20220203 11:09:21.047" endtime="20220203 11:09:21.051"/>
</kw>
<status status="PASS" starttime="20220203 11:09:20.380" endtime="20220203 11:09:21.051"/>
</kw>
<kw name="Attempt POST Session">
<arg>${empty_email}</arg>
<arg>400</arg>
<arg>Required email</arg>
<kw name="POST Session" library="SessionsRoute">
<var>${response}</var>
<arg>${payload}</arg>
<kw name="POST" library="RequestsLibrary">
<var>${response}</var>
<arg>${API_USERS}/sessions</arg>
<arg>json=${payload}</arg>
<arg>expected_status=any</arg>
<doc>Sends a POST request.</doc>
<msg timestamp="20220203 11:09:21.683" level="INFO">POST Request : url=https://getgeeks-users-raphael.herokuapp.com/sessions 
 path_url=/sessions 
 headers={'User-Agent': 'python-requests/2.26.0', 'Accept-Encoding': 'gzip, deflate', 'Accept': '*/*', 'Connection': 'keep-alive', 'Content-Length': '35', 'Content-Type': 'application/json'} 
 body=b'{"email": "", "password": "abc123"}' 
 </msg>
<msg timestamp="20220203 11:09:21.683" level="INFO">POST Response : url=https://getgeeks-users-raphael.herokuapp.com/sessions 
 status=400, reason=Bad Request 
 headers={'Server': 'Cowboy', 'Connection': 'keep-alive', 'X-Powered-By': 'Express', 'Access-Control-Allow-Origin': '*', 'Content-Type': 'application/json; charset=utf-8', 'Content-Length': '26', 'Etag': 'W/"1a-ztWLEO5pP/4DOQYYgf8vh7rMmRI"', 'Date': 'Thu, 03 Feb 2022 14:09:21 GMT', 'Via': '1.1 vegur'} 
 body={"error":"Required email"} 
 </msg>
<msg timestamp="20220203 11:09:21.683" level="INFO">${response} = &lt;Response [400]&gt;</msg>
<status status="PASS" starttime="20220203 11:09:21.060" endtime="20220203 11:09:21.683"/>
</kw>
<msg timestamp="20220203 11:09:21.683" level="INFO">${response} = &lt;Response [400]&gt;</msg>
<status status="PASS" starttime="20220203 11:09:21.057" endtime="20220203 11:09:21.684"/>
</kw>
<kw name="Status Should Be" library="RequestsLibrary">
<arg>${status_code}</arg>
<arg>${response}</arg>
<doc>Fails if response status code is different than the expected.</doc>
<status status="PASS" starttime="20220203 11:09:21.684" endtime="20220203 11:09:21.684"/>
</kw>
<kw name="Should Be Equal" library="BuiltIn">
<arg>${error_message}</arg>
<arg>${response.json()}[error]</arg>
<doc>Fails if the given objects are unequal.</doc>
<status status="PASS" starttime="20220203 11:09:21.684" endtime="20220203 11:09:21.686"/>
</kw>
<status status="PASS" starttime="20220203 11:09:21.053" endtime="20220203 11:09:21.686"/>
</kw>
<kw name="Attempt POST Session">
<arg>${without_email}</arg>
<arg>400</arg>
<arg>Required email</arg>
<kw name="POST Session" library="SessionsRoute">
<var>${response}</var>
<arg>${payload}</arg>
<kw name="POST" library="RequestsLibrary">
<var>${response}</var>
<arg>${API_USERS}/sessions</arg>
<arg>json=${payload}</arg>
<arg>expected_status=any</arg>
<doc>Sends a POST request.</doc>
<msg timestamp="20220203 11:09:22.320" level="INFO">POST Request : url=https://getgeeks-users-raphael.herokuapp.com/sessions 
 path_url=/sessions 
 headers={'User-Agent': 'python-requests/2.26.0', 'Accept-Encoding': 'gzip, deflate', 'Accept': '*/*', 'Connection': 'keep-alive', 'Content-Length': '22', 'Content-Type': 'application/json'} 
 body=b'{"password": "abc123"}' 
 </msg>
<msg timestamp="20220203 11:09:22.321" level="INFO">POST Response : url=https://getgeeks-users-raphael.herokuapp.com/sessions 
 status=400, reason=Bad Request 
 headers={'Server': 'Cowboy', 'Connection': 'keep-alive', 'X-Powered-By': 'Express', 'Access-Control-Allow-Origin': '*', 'Content-Type': 'application/json; charset=utf-8', 'Content-Length': '26', 'Etag': 'W/"1a-ztWLEO5pP/4DOQYYgf8vh7rMmRI"', 'Date': 'Thu, 03 Feb 2022 14:09:22 GMT', 'Via': '1.1 vegur'} 
 body={"error":"Required email"} 
 </msg>
<msg timestamp="20220203 11:09:22.321" level="INFO">${response} = &lt;Response [400]&gt;</msg>
<status status="PASS" starttime="20220203 11:09:21.690" endtime="20220203 11:09:22.322"/>
</kw>
<msg timestamp="20220203 11:09:22.323" level="INFO">${response} = &lt;Response [400]&gt;</msg>
<status status="PASS" starttime="20220203 11:09:21.688" endtime="20220203 11:09:22.323"/>
</kw>
<kw name="Status Should Be" library="RequestsLibrary">
<arg>${status_code}</arg>
<arg>${response}</arg>
<doc>Fails if response status code is different than the expected.</doc>
<status status="PASS" starttime="20220203 11:09:22.324" endtime="20220203 11:09:22.325"/>
</kw>
<kw name="Should Be Equal" library="BuiltIn">
<arg>${error_message}</arg>
<arg>${response.json()}[error]</arg>
<doc>Fails if the given objects are unequal.</doc>
<status status="PASS" starttime="20220203 11:09:22.325" endtime="20220203 11:09:22.327"/>
</kw>
<status status="PASS" starttime="20220203 11:09:21.687" endtime="20220203 11:09:22.327"/>
</kw>
<kw name="Attempt POST Session">
<arg>${empty_password}</arg>
<arg>400</arg>
<arg>Required pass</arg>
<kw name="POST Session" library="SessionsRoute">
<var>${response}</var>
<arg>${payload}</arg>
<kw name="POST" library="RequestsLibrary">
<var>${response}</var>
<arg>${API_USERS}/sessions</arg>
<arg>json=${payload}</arg>
<arg>expected_status=any</arg>
<doc>Sends a POST request.</doc>
<msg timestamp="20220203 11:09:22.975" level="INFO">POST Request : url=https://getgeeks-users-raphael.herokuapp.com/sessions 
 path_url=/sessions 
 headers={'User-Agent': 'python-requests/2.26.0', 'Accept-Encoding': 'gzip, deflate', 'Accept': '*/*', 'Connection': 'keep-alive', 'Content-Length': '45', 'Content-Type': 'application/json'} 
 body=b'{"email": "kate@hotmail.com", "password": ""}' 
 </msg>
<msg timestamp="20220203 11:09:22.975" level="INFO">POST Response : url=https://getgeeks-users-raphael.herokuapp.com/sessions 
 status=400, reason=Bad Request 
 headers={'Server': 'Cowboy', 'Connection': 'keep-alive', 'X-Powered-By': 'Express', 'Access-Control-Allow-Origin': '*', 'Content-Type': 'application/json; charset=utf-8', 'Content-Length': '25', 'Etag': 'W/"19-XQPKZGB2rC+TLudFQKbwFLPwbR0"', 'Date': 'Thu, 03 Feb 2022 14:09:22 GMT', 'Via': '1.1 vegur'} 
 body={"error":"Required pass"} 
 </msg>
<msg timestamp="20220203 11:09:22.975" level="INFO">${response} = &lt;Response [400]&gt;</msg>
<status status="PASS" starttime="20220203 11:09:22.330" endtime="20220203 11:09:22.975"/>
</kw>
<msg timestamp="20220203 11:09:22.976" level="INFO">${response} = &lt;Response [400]&gt;</msg>
<status status="PASS" starttime="20220203 11:09:22.329" endtime="20220203 11:09:22.976"/>
</kw>
<kw name="Status Should Be" library="RequestsLibrary">
<arg>${status_code}</arg>
<arg>${response}</arg>
<doc>Fails if response status code is different than the expected.</doc>
<status status="PASS" starttime="20220203 11:09:22.976" endtime="20220203 11:09:22.977"/>
</kw>
<kw name="Should Be Equal" library="BuiltIn">
<arg>${error_message}</arg>
<arg>${response.json()}[error]</arg>
<doc>Fails if the given objects are unequal.</doc>
<status status="PASS" starttime="20220203 11:09:22.978" endtime="20220203 11:09:22.980"/>
</kw>
<status status="PASS" starttime="20220203 11:09:22.328" endtime="20220203 11:09:22.980"/>
</kw>
<kw name="Attempt POST Session">
<arg>${without_password}</arg>
<arg>400</arg>
<arg>Required pass</arg>
<kw name="POST Session" library="SessionsRoute">
<var>${response}</var>
<arg>${payload}</arg>
<kw name="POST" library="RequestsLibrary">
<var>${response}</var>
<arg>${API_USERS}/sessions</arg>
<arg>json=${payload}</arg>
<arg>expected_status=any</arg>
<doc>Sends a POST request.</doc>
<msg timestamp="20220203 11:09:23.606" level="INFO">POST Request : url=https://getgeeks-users-raphael.herokuapp.com/sessions 
 path_url=/sessions 
 headers={'User-Agent': 'python-requests/2.26.0', 'Accept-Encoding': 'gzip, deflate', 'Accept': '*/*', 'Connection': 'keep-alive', 'Content-Length': '29', 'Content-Type': 'application/json'} 
 body=b'{"email": "kate@hotmail.com"}' 
 </msg>
<msg timestamp="20220203 11:09:23.606" level="INFO">POST Response : url=https://getgeeks-users-raphael.herokuapp.com/sessions 
 status=400, reason=Bad Request 
 headers={'Server': 'Cowboy', 'Connection': 'keep-alive', 'X-Powered-By': 'Express', 'Access-Control-Allow-Origin': '*', 'Content-Type': 'application/json; charset=utf-8', 'Content-Length': '25', 'Etag': 'W/"19-XQPKZGB2rC+TLudFQKbwFLPwbR0"', 'Date': 'Thu, 03 Feb 2022 14:09:23 GMT', 'Via': '1.1 vegur'} 
 body={"error":"Required pass"} 
 </msg>
<msg timestamp="20220203 11:09:23.607" level="INFO">${response} = &lt;Response [400]&gt;</msg>
<status status="PASS" starttime="20220203 11:09:22.984" endtime="20220203 11:09:23.607"/>
</kw>
<msg timestamp="20220203 11:09:23.608" level="INFO">${response} = &lt;Response [400]&gt;</msg>
<status status="PASS" starttime="20220203 11:09:22.983" endtime="20220203 11:09:23.609"/>
</kw>
<kw name="Status Should Be" library="RequestsLibrary">
<arg>${status_code}</arg>
<arg>${response}</arg>
<doc>Fails if response status code is different than the expected.</doc>
<status status="PASS" starttime="20220203 11:09:23.609" endtime="20220203 11:09:23.611"/>
</kw>
<kw name="Should Be Equal" library="BuiltIn">
<arg>${error_message}</arg>
<arg>${response.json()}[error]</arg>
<doc>Fails if the given objects are unequal.</doc>
<status status="PASS" starttime="20220203 11:09:23.611" endtime="20220203 11:09:23.614"/>
</kw>
<status status="PASS" starttime="20220203 11:09:22.982" endtime="20220203 11:09:23.615"/>
</kw>
<status status="PASS" starttime="20220203 11:09:18.954" endtime="20220203 11:09:23.618"/>
</test>
<doc>Sessions route test suite</doc>
<status status="PASS" starttime="20220203 11:09:17.552" endtime="20220203 11:09:23.624"/>
</suite>
<suite id="s1-s3" name="Users" source="D:\estudo\gravidade_zero\pro_expert\getgeeks\project\backend\tests\Users.robot">
<test id="s1-s3-t1" name="Add new user">
<kw name="Factory New User" library="Users">
<var>${user}</var>
<msg timestamp="20220203 11:09:23.645" level="INFO">${user} = {'name': 'Clint Barton', 'email': 'barton@shield.com', 'password': 'pwd123'}</msg>
<status status="PASS" starttime="20220203 11:09:23.645" endtime="20220203 11:09:23.645"/>
</kw>
[...]
 </msg>
<msg timestamp="20220203 11:09:30.429" level="INFO">${response} = &lt;Response [200]&gt;</msg>
<status status="PASS" starttime="20220203 11:09:29.761" endtime="20220203 11:09:30.430"/>
</kw>
<msg timestamp="20220203 11:09:30.432" level="INFO">${response} = &lt;Response [200]&gt;</msg>
<status status="PASS" starttime="20220203 11:09:29.760" endtime="20220203 11:09:30.432"/>
</kw>
<kw name="Set Variable" library="BuiltIn">
<var>${result}</var>
<arg>${EMPTY}</arg>
<doc>Returns the given values which can then be assigned to a variables.</doc>
<msg timestamp="20220203 11:09:30.436" level="INFO">${result} = </msg>
<status status="PASS" starttime="20220203 11:09:30.432" endtime="20220203 11:09:30.436"/>
</kw>
<if>
<branch type="IF" condition="&quot;200&quot; in &quot;${response}&quot;">
<kw name="Set Variable" library="BuiltIn">
<var>${result}</var>
<arg>Bearer ${response.json()}[token]</arg>
<doc>Returns the given values which can then be assigned to a variables.</doc>
<msg timestamp="20220203 11:09:30.442" level="INFO">${result} = Bearer eyJhbGciOiJIUzI1NiIsInR5cCI6IkpXVCJ9.eyJpZCI6NzI1LCJpYXQiOjE2NDM4OTczNzAsImV4cCI6MTY0NDc2MTM3MH0.u6uLpoaSdzc35OkmsJyWupnFBljQ6AfolYoybNTEvNY</msg>
<status status="PASS" starttime="20220203 11:09:30.438" endtime="20220203 11:09:30.442"/>
</kw>
<status status="PASS" starttime="20220203 11:09:30.438" endtime="20220203 11:09:30.442"/>
</branch>
<status status="PASS" starttime="20220203 11:09:30.438" endtime="20220203 11:09:30.442"/>
</if>
<msg timestamp="20220203 11:09:30.443" level="INFO">${token} = Bearer eyJhbGciOiJIUzI1NiIsInR5cCI6IkpXVCJ9.eyJpZCI6NzI1LCJpYXQiOjE2NDM4OTczNzAsImV4cCI6MTY0NDc2MTM3MH0.u6uLpoaSdzc35OkmsJyWupnFBljQ6AfolYoybNTEvNY</msg>
<status status="PASS" starttime="20220203 11:09:29.755" endtime="20220203 11:09:30.443"/>
</kw>
<kw name="DELETE User" library="UsersRoute">
<var>${response}</var>
<arg>${token}</arg>
<kw name="Create Dictionary" library="BuiltIn">
<var>${headers}</var>
<arg>Authorization=${token}</arg>
<doc>Creates and returns a dictionary based on the given ``items``.</doc>
<msg timestamp="20220203 11:09:30.451" level="INFO">${headers} = {'Authorization': 'Bearer eyJhbGciOiJIUzI1NiIsInR5cCI6IkpXVCJ9.eyJpZCI6NzI1LCJpYXQiOjE2NDM4OTczNzAsImV4cCI6MTY0NDc2MTM3MH0.u6uLpoaSdzc35OkmsJyWupnFBljQ6AfolYoybNTEvNY'}</msg>
<status status="PASS" starttime="20220203 11:09:30.449" endtime="20220203 11:09:30.451"/>
</kw>
<kw name="DELETE" library="RequestsLibrary">
<var>${response}</var>
<arg>${API_USERS}/users</arg>
<arg>headers=${headers}</arg>
<arg>expected_status=any</arg>
<doc>Sends a DELETE request.</doc>
<msg timestamp="20220203 11:09:31.114" level="INFO">DELETE Request : url=https://getgeeks-users-raphael.herokuapp.com/users 
 path_url=/users 
 headers={'User-Agent': 'python-requests/2.26.0', 'Accept-Encoding': 'gzip, deflate', 'Accept': '*/*', 'Connection': 'keep-alive', 'Authorization': 'Bearer eyJhbGciOiJIUzI1NiIsInR5cCI6IkpXVCJ9.eyJpZCI6NzI1LCJpYXQiOjE2NDM4OTczNzAsImV4cCI6MTY0NDc2MTM3MH0.u6uLpoaSdzc35OkmsJyWupnFBljQ6AfolYoybNTEvNY', 'Content-Length': '0'} 
 body=None 
 </msg>
<msg timestamp="20220203 11:09:31.115" level="INFO">DELETE Response : url=https://getgeeks-users-raphael.herokuapp.com/users 
 status=204, reason=No Content 
 headers={'Server': 'Cowboy', 'Content-Length': '0', 'Connection': 'keep-alive', 'X-Powered-By': 'Express', 'Access-Control-Allow-Origin': '*', 'Date': 'Thu, 03 Feb 2022 14:09:31 GMT', 'Via': '1.1 vegur'} 
 body=None 
 </msg>
<msg timestamp="20220203 11:09:31.116" level="INFO">${response} = &lt;Response [204]&gt;</msg>
<status status="PASS" starttime="20220203 11:09:30.452" endtime="20220203 11:09:31.117"/>
</kw>
<msg timestamp="20220203 11:09:31.117" level="INFO">${response} = &lt;Response [204]&gt;</msg>
<status status="PASS" starttime="20220203 11:09:30.446" endtime="20220203 11:09:31.117"/>
</kw>
<kw name="Status Should Be" library="RequestsLibrary">
<arg>204</arg>
<arg>${response}</arg>
<doc>Fails if response status code is different than the expected.</doc>
<status status="PASS" starttime="20220203 11:09:31.121" endtime="20220203 11:09:31.123"/>
</kw>
<kw name="GET User" library="UsersRoute">
<var>${response}</var>
<arg>${token}</arg>
<kw name="Create Dictionary" library="BuiltIn">
<var>${headers}</var>
<arg>Authorization=${token}</arg>
<doc>Creates and returns a dictionary based on the given ``items``.</doc>
<msg timestamp="20220203 11:09:31.127" level="INFO">${headers} = {'Authorization': 'Bearer eyJhbGciOiJIUzI1NiIsInR5cCI6IkpXVCJ9.eyJpZCI6NzI1LCJpYXQiOjE2NDM4OTczNzAsImV4cCI6MTY0NDc2MTM3MH0.u6uLpoaSdzc35OkmsJyWupnFBljQ6AfolYoybNTEvNY'}</msg>
<status status="PASS" starttime="20220203 11:09:31.126" endtime="20220203 11:09:31.127"/>
</kw>
<kw name="GET" library="RequestsLibrary">
<var>${response}</var>
<arg>${API_USERS}/users</arg>
<arg>headers=${headers}</arg>
<arg>expected_status=any</arg>
<doc>Sends a GET request.</doc>
<msg timestamp="20220203 11:09:31.768" level="INFO">GET Request : url=https://getgeeks-users-raphael.herokuapp.com/users 
 path_url=/users 
 headers={'User-Agent': 'python-requests/2.26.0', 'Accept-Encoding': 'gzip, deflate', 'Accept': '*/*', 'Connection': 'keep-alive', 'Authorization': 'Bearer eyJhbGciOiJIUzI1NiIsInR5cCI6IkpXVCJ9.eyJpZCI6NzI1LCJpYXQiOjE2NDM4OTczNzAsImV4cCI6MTY0NDc2MTM3MH0.u6uLpoaSdzc35OkmsJyWupnFBljQ6AfolYoybNTEvNY'} 
 body=None 
 </msg>
<msg timestamp="20220203 11:09:31.769" level="INFO">GET Response : url=https://getgeeks-users-raphael.herokuapp.com/users 
 status=404, reason=Not Found 
 headers={'Server': 'Cowboy', 'Connection': 'keep-alive', 'X-Powered-By': 'Express', 'Access-Control-Allow-Origin': '*', 'Date': 'Thu, 03 Feb 2022 14:09:31 GMT', 'Content-Length': '0', 'Via': '1.1 vegur'} 
 body=None 
 </msg>
<msg timestamp="20220203 11:09:31.769" level="INFO">${response} = &lt;Response [404]&gt;</msg>
<status status="PASS" starttime="20220203 11:09:31.128" endtime="20220203 11:09:31.769"/>
</kw>
<msg timestamp="20220203 11:09:31.770" level="INFO">${response} = &lt;Response [404]&gt;</msg>
<status status="PASS" starttime="20220203 11:09:31.124" endtime="20220203 11:09:31.771"/>
</kw>
<kw name="Status Should Be" library="RequestsLibrary">
<arg>404</arg>
<arg>${response}</arg>
<doc>Fails if response status code is different than the expected.</doc>
<status status="PASS" starttime="20220203 11:09:31.774" endtime="20220203 11:09:31.775"/>
</kw>
<status status="PASS" starttime="20220203 11:09:29.047" endtime="20220203 11:09:31.777"/>
</test>
<test id="s1-s3-t4" name="Update a user">
<kw name="Factory Update User" library="Users">
<var>${user}</var>
<msg timestamp="20220203 11:09:31.786" level="INFO">${user} = {'before': {'name': 'Mantilha Raphael', 'email': 'raphael.mantilha@yahoo.com.br', 'password': 'pwd123'}, 'after': {'name': 'Raphael Mantilha', 'email': 'raphael.mantilha@yahoo.com.br', 'whatsapp': '11...</msg>
<status status="PASS" starttime="20220203 11:09:31.785" endtime="20220203 11:09:31.787"/>
</kw>
<kw name="POST User" library="UsersRoute">
<arg>${user}[before]</arg>
<kw name="POST" library="RequestsLibrary">
<var>${response}</var>
<arg>${API_USERS}/users</arg>
<arg>json=${payload}</arg>
<arg>expected_status=any</arg>
<doc>Sends a POST request.</doc>
<msg timestamp="20220203 11:09:32.442" level="INFO">POST Request : url=https://getgeeks-users-raphael.herokuapp.com/users 
 path_url=/users 
 headers={'User-Agent': 'python-requests/2.26.0', 'Accept-Encoding': 'gzip, deflate', 'Accept': '*/*', 'Connection': 'keep-alive', 'Content-Length': '92', 'Content-Type': 'application/json'} 
 body=b'{"name": "Mantilha Raphael", "email": "raphael.mantilha@yahoo.com.br", "password": "pwd123"}' 
 </msg>
<msg timestamp="20220203 11:09:32.442" level="INFO">POST Response : url=https://getgeeks-users-raphael.herokuapp.com/users 
 status=400, reason=Bad Request 
 headers={'Server': 'Cowboy', 'Connection': 'keep-alive', 'X-Powered-By': 'Express', 'Access-Control-Allow-Origin': '*', 'Content-Type': 'application/json; charset=utf-8', 'Content-Length': '31', 'Etag': 'W/"1f-lFUySNKwX3L5eGEwGcNcUoVKWhE"', 'Date': 'Thu, 03 Feb 2022 14:09:32 GMT', 'Via': '1.1 vegur'} 
 body={"error":"User already exists"} 
 </msg>
<msg timestamp="20220203 11:09:32.443" level="INFO">${response} = &lt;Response [400]&gt;</msg>
<status status="PASS" starttime="20220203 11:09:31.791" endtime="20220203 11:09:32.443"/>
</kw>
<status status="PASS" starttime="20220203 11:09:31.789" endtime="20220203 11:09:32.444"/>
</kw>
<kw name="Get Token" library="Helpers">
<var>${token}</var>
<arg>${user}[before]</arg>
<kw name="Create Dictionary" library="BuiltIn">
<var>${payload}</var>
<arg>email=${user}[email]</arg>
<arg>password=${user}[password]</arg>
<doc>Creates and returns a dictionary based on the given ``items``.</doc>
<msg timestamp="20220203 11:09:32.453" level="INFO">${payload} = {'email': 'raphael.mantilha@yahoo.com.br', 'password': 'pwd123'}</msg>
<status status="PASS" starttime="20220203 11:09:32.450" endtime="20220203 11:09:32.453"/>
</kw>
<kw name="POST Session" library="SessionsRoute">
<var>${response}</var>
<arg>${payload}</arg>
<kw name="POST" library="RequestsLibrary">
<var>${response}</var>
<arg>${API_USERS}/sessions</arg>
<arg>json=${payload}</arg>
<arg>expected_status=any</arg>
<doc>Sends a POST request.</doc>
<msg timestamp="20220203 11:09:33.116" level="INFO">POST Request : url=https://getgeeks-users-raphael.herokuapp.com/sessions 
 path_url=/sessions 
 headers={'User-Agent': 'python-requests/2.26.0', 'Accept-Encoding': 'gzip, deflate', 'Accept': '*/*', 'Connection': 'keep-alive', 'Content-Length': '64', 'Content-Type': 'application/json'} 
 body=b'{"email": "raphael.mantilha@yahoo.com.br", "password": "pwd123"}' 
 </msg>
<msg timestamp="20220203 11:09:33.116" level="INFO">POST Response : url=https://getgeeks-users-raphael.herokuapp.com/sessions 
 status=200, reason=OK 
 headers={'Server': 'Cowboy', 'Connection': 'keep-alive', 'X-Powered-By': 'Express', 'Access-Control-Allow-Origin': '*', 'Content-Type': 'application/json; charset=utf-8', 'Content-Length': '435', 'Etag': 'W/"1b3-J6sjsHqFhRXMJYJwzi4KkRC1gGs"', 'Date': 'Thu, 03 Feb 2022 14:09:33 GMT', 'Via': '1.1 vegur'} 
 body={"user":{"id":713,"email":"raphael.mantilha@yahoo.com.br","password_hash":"$2b$08$PSfiHa8JMWKH6PQyUVH11e6U5.70LbfL7epwkQjqCn35nv4ZPjLW6","name":"Raphael Mantilha","avatar":"https://avatars.githubusercontent.com/u/70857396","whatsapp":"11999999999","is_geek":false},"token":"eyJhbGciOiJIUzI1NiIsInR5cCI6IkpXVCJ9.eyJpZCI6NzEzLCJpYXQiOjE2NDM4OTczNzMsImV4cCI6MTY0NDc2MTM3M30.0hA2CvAQs6TTmM0f4JUfncKJrW5tY4OXDjHDbmC_DxI","expires_in":"10d"} 
 </msg>
<msg timestamp="20220203 11:09:33.117" level="INFO">${response} = &lt;Response [200]&gt;</msg>
<status status="PASS" starttime="20220203 11:09:32.455" endtime="20220203 11:09:33.117"/>
</kw>
<msg timestamp="20220203 11:09:33.118" level="INFO">${response} = &lt;Response [200]&gt;</msg>
<status status="PASS" starttime="20220203 11:09:32.453" endtime="20220203 11:09:33.119"/>
</kw>
<kw name="Set Variable" library="BuiltIn">
<var>${result}</var>
<arg>${EMPTY}</arg>
<doc>Returns the given values which can then be assigned to a variables.</doc>
<msg timestamp="20220203 11:09:33.122" level="INFO">${result} = </msg>
<status status="PASS" starttime="20220203 11:09:33.119" endtime="20220203 11:09:33.122"/>
</kw>
<if>
<branch type="IF" condition="&quot;200&quot; in &quot;${response}&quot;">
<kw name="Set Variable" library="BuiltIn">
<var>${result}</var>
<arg>Bearer ${response.json()}[token]</arg>
<doc>Returns the given values which can then be assigned to a variables.</doc>
<msg timestamp="20220203 11:09:33.128" level="INFO">${result} = Bearer eyJhbGciOiJIUzI1NiIsInR5cCI6IkpXVCJ9.eyJpZCI6NzEzLCJpYXQiOjE2NDM4OTczNzMsImV4cCI6MTY0NDc2MTM3M30.0hA2CvAQs6TTmM0f4JUfncKJrW5tY4OXDjHDbmC_DxI</msg>
<status status="PASS" starttime="20220203 11:09:33.125" endtime="20220203 11:09:33.128"/>
</kw>
<status status="PASS" starttime="20220203 11:09:33.124" endtime="20220203 11:09:33.128"/>
</branch>
<status status="PASS" starttime="20220203 11:09:33.124" endtime="20220203 11:09:33.128"/>
</if>
<msg timestamp="20220203 11:09:33.129" level="INFO">${token} = Bearer eyJhbGciOiJIUzI1NiIsInR5cCI6IkpXVCJ9.eyJpZCI6NzEzLCJpYXQiOjE2NDM4OTczNzMsImV4cCI6MTY0NDc2MTM3M30.0hA2CvAQs6TTmM0f4JUfncKJrW5tY4OXDjHDbmC_DxI</msg>
<status status="PASS" starttime="20220203 11:09:32.448" endtime="20220203 11:09:33.129"/>
</kw>
<kw name="PUT User" library="UsersRoute">
<var>${response}</var>
<arg>${token}</arg>
<arg>${user}[after]</arg>
<kw name="Create Dictionary" library="BuiltIn">
<var>${headers}</var>
<arg>Authorization=${token}</arg>
<doc>Creates and returns a dictionary based on the given ``items``.</doc>
<msg timestamp="20220203 11:09:33.137" level="INFO">${headers} = {'Authorization': 'Bearer eyJhbGciOiJIUzI1NiIsInR5cCI6IkpXVCJ9.eyJpZCI6NzEzLCJpYXQiOjE2NDM4OTczNzMsImV4cCI6MTY0NDc2MTM3M30.0hA2CvAQs6TTmM0f4JUfncKJrW5tY4OXDjHDbmC_DxI'}</msg>
<status status="PASS" starttime="20220203 11:09:33.136" endtime="20220203 11:09:33.137"/>
</kw>
<kw name="PUT" library="RequestsLibrary">
<var>${response}</var>
<arg>${API_USERS}/users</arg>
<arg>headers=${headers}</arg>
<arg>json=${payload}</arg>
<arg>expected_status=any</arg>
<doc>Sends a PUT request.</doc>
<msg timestamp="20220203 11:09:33.801" level="INFO">PUT Request : url=https://getgeeks-users-raphael.herokuapp.com/users 
 path_url=/users 
 headers={'User-Agent': 'python-requests/2.26.0', 'Accept-Encoding': 'gzip, deflate', 'Accept': '*/*', 'Connection': 'keep-alive', 'Authorization': 'Bearer eyJhbGciOiJIUzI1NiIsInR5cCI6IkpXVCJ9.eyJpZCI6NzEzLCJpYXQiOjE2NDM4OTczNzMsImV4cCI6MTY0NDc2MTM3M30.0hA2CvAQs6TTmM0f4JUfncKJrW5tY4OXDjHDbmC_DxI', 'Content-Length': '159', 'Content-Type': 'application/json'} 
 body=b'{"name": "Raphael Mantilha", "email": "raphael.mantilha@yahoo.com.br", "whatsapp": "11999999999", "avatar": "https://avatars.githubusercontent.com/u/70857396"}' 
 </msg>
<msg timestamp="20220203 11:09:33.801" level="INFO">PUT Response : url=https://getgeeks-users-raphael.herokuapp.com/users 
 status=200, reason=OK 
 headers={'Server': 'Cowboy', 'Connection': 'keep-alive', 'X-Powered-By': 'Express', 'Access-Control-Allow-Origin': '*', 'Date': 'Thu, 03 Feb 2022 14:09:33 GMT', 'Content-Length': '0', 'Via': '1.1 vegur'} 
 body=None 
 </msg>
<msg timestamp="20220203 11:09:33.802" level="INFO">${response} = &lt;Response [200]&gt;</msg>
<status status="PASS" starttime="20220203 11:09:33.138" endtime="20220203 11:09:33.802"/>
</kw>
<msg timestamp="20220203 11:09:33.803" level="INFO">${response} = &lt;Response [200]&gt;</msg>
<status status="PASS" starttime="20220203 11:09:33.133" endtime="20220203 11:09:33.803"/>
</kw>
<kw name="Status Should Be" library="RequestsLibrary">
<arg>200</arg>
<arg>${response}</arg>
<doc>Fails if response status code is different than the expected.</doc>
<status status="PASS" starttime="20220203 11:09:33.806" endtime="20220203 11:09:33.807"/>
</kw>
<kw name="GET User" library="UsersRoute">
<var>${response}</var>
<arg>${token}</arg>
<kw name="Create Dictionary" library="BuiltIn">
<var>${headers}</var>
<arg>Authorization=${token}</arg>
<doc>Creates and returns a dictionary based on the given ``items``.</doc>
<msg timestamp="20220203 11:09:33.812" level="INFO">${headers} = {'Authorization': 'Bearer eyJhbGciOiJIUzI1NiIsInR5cCI6IkpXVCJ9.eyJpZCI6NzEzLCJpYXQiOjE2NDM4OTczNzMsImV4cCI6MTY0NDc2MTM3M30.0hA2CvAQs6TTmM0f4JUfncKJrW5tY4OXDjHDbmC_DxI'}</msg>
<status status="PASS" starttime="20220203 11:09:33.810" endtime="20220203 11:09:33.812"/>
</kw>
<kw name="GET" library="RequestsLibrary">
<var>${response}</var>
<arg>${API_USERS}/users</arg>
<arg>headers=${headers}</arg>
<arg>expected_status=any</arg>
<doc>Sends a GET request.</doc>
<msg timestamp="20220203 11:09:34.469" level="INFO">GET Request : url=https://getgeeks-users-raphael.herokuapp.com/users 
 path_url=/users 
 headers={'User-Agent': 'python-requests/2.26.0', 'Accept-Encoding': 'gzip, deflate', 'Accept': '*/*', 'Connection': 'keep-alive', 'Authorization': 'Bearer eyJhbGciOiJIUzI1NiIsInR5cCI6IkpXVCJ9.eyJpZCI6NzEzLCJpYXQiOjE2NDM4OTczNzMsImV4cCI6MTY0NDc2MTM3M30.0hA2CvAQs6TTmM0f4JUfncKJrW5tY4OXDjHDbmC_DxI'} 
 body=None 
 </msg>
<msg timestamp="20220203 11:09:34.469" level="INFO">GET Response : url=https://getgeeks-users-raphael.herokuapp.com/users 
 status=200, reason=OK 
 headers={'Server': 'Cowboy', 'Connection': 'keep-alive', 'X-Powered-By': 'Express', 'Access-Control-Allow-Origin': '*', 'Content-Type': 'application/json; charset=utf-8', 'Content-Length': '256', 'Etag': 'W/"100-7RYtGifO38ie9dn+fUFrnR0IP+w"', 'Date': 'Thu, 03 Feb 2022 14:09:34 GMT', 'Via': '1.1 vegur'} 
 body={"id":713,"email":"raphael.mantilha@yahoo.com.br","password_hash":"$2b$08$PSfiHa8JMWKH6PQyUVH11e6U5.70LbfL7epwkQjqCn35nv4ZPjLW6","name":"Raphael Mantilha","avatar":"https://avatars.githubusercontent.com/u/70857396","whatsapp":"11999999999","is_geek":false} 
 </msg>
<msg timestamp="20220203 11:09:34.470" level="INFO">${response} = &lt;Response [200]&gt;</msg>
<status status="PASS" starttime="20220203 11:09:33.813" endtime="20220203 11:09:34.470"/>
</kw>
<msg timestamp="20220203 11:09:34.471" level="INFO">${response} = &lt;Response [200]&gt;</msg>
<status status="PASS" starttime="20220203 11:09:33.809" endtime="20220203 11:09:34.471"/>
</kw>
<kw name="Status Should Be" library="RequestsLibrary">
<arg>200</arg>
<arg>${response}</arg>
<doc>Fails if response status code is different than the expected.</doc>
<status status="PASS" starttime="20220203 11:09:34.474" endtime="20220203 11:09:34.475"/>
</kw>
<kw name="Should Be Equal As Strings" library="BuiltIn">
<arg>${user}[after][name]</arg>
<arg>${response.json()}[name]</arg>
<doc>Fails if objects are unequal after converting them to strings.</doc>
<status status="PASS" starttime="20220203 11:09:34.478" endtime="20220203 11:09:34.482"/>
</kw>
<kw name="Should Be Equal As Strings" library="BuiltIn">
<arg>${user}[after][email]</arg>
<arg>${response.json()}[email]</arg>
<doc>Fails if objects are unequal after converting them to strings.</doc>
<status status="PASS" starttime="20220203 11:09:34.484" endtime="20220203 11:09:34.488"/>
</kw>
<kw name="Should Be Equal As Strings" library="BuiltIn">
<arg>${user}[after][whatsapp]</arg>
<arg>${response.json()}[whatsapp]</arg>
<doc>Fails if objects are unequal after converting them to strings.</doc>
<status status="PASS" starttime="20220203 11:09:34.491" endtime="20220203 11:09:34.495"/>
</kw>
<kw name="Should Be Equal As Strings" library="BuiltIn">
<arg>${user}[after][avatar]</arg>
<arg>${response.json()}[avatar]</arg>
<doc>Fails if objects are unequal after converting them to strings.</doc>
<status status="PASS" starttime="20220203 11:09:34.497" endtime="20220203 11:09:34.501"/>
</kw>
<kw name="Should Be Equal As Strings" library="BuiltIn">
<arg>False</arg>
<arg>${response.json()}[is_geek]</arg>
<doc>Fails if objects are unequal after converting them to strings.</doc>
<msg timestamp="20220203 11:09:34.507" level="INFO">Argument types are:
&lt;type 'unicode'&gt;
&lt;class 'bool'&gt;</msg>
<status status="PASS" starttime="20220203 11:09:34.503" endtime="20220203 11:09:34.507"/>
</kw>
<status status="PASS" starttime="20220203 11:09:31.782" endtime="20220203 11:09:34.510"/>
</test>
<doc>Users route test suite</doc>
<status status="PASS" starttime="20220203 11:09:23.629" endtime="20220203 11:09:34.515"/>
</suite>
<status status="PASS" starttime="20220203 11:08:52.511" endtime="20220203 11:09:34.526"/>
</suite>
<statistics>
<total>
<stat pass="8" fail="0" skip="0">All Tests</stat>
</total>
<tag>
<stat pass="1" fail="0" skip="0">geeks_list</stat>
</tag>
<suite>
<stat pass="8" fail="0" skip="0" id="s1" name="Tests">Tests</stat>
<stat pass="2" fail="0" skip="0" id="s1-s1" name="Geeks">Tests.Geeks</stat>
<stat pass="2" fail="0" skip="0" id="s1-s2" name="Sessions">Tests.Sessions</stat>
<stat pass="4" fail="0" skip="0" id="s1-s3" name="Users">Tests.Users</stat>
</suite>
</statistics>
<errors>
</errors>
</robot>
